
  .   ____          _            __ _ _
 /\\ / ___'_ __ _ _(_)_ __  __ _ \ \ \ \
( ( )\___ | '_ | '_| | '_ \/ _` | \ \ \ \
 \\/  ___)| |_)| | | | | || (_| |  ) ) ) )
  '  |____| .__|_| |_|_| |_\__, | / / / /
 =========|_|==============|___/=/_/_/_/

 :: Spring Boot ::                (v3.5.7)

2025-11-27T11:20:14.521-03:00  INFO 19272 --- [alerta-valores] [           main] c.a.a.AlertaValoresApplication           : Starting AlertaValoresApplication v0.0.1-SNAPSHOT using Java 25.0.1 with PID 19272 (C:\Users\joao\alerta-valores\target\alerta-valores-0.0.1-SNAPSHOT.jar started by joao in C:\Users\joao\alerta-valores)
2025-11-27T11:20:14.527-03:00  INFO 19272 --- [alerta-valores] [           main] c.a.a.AlertaValoresApplication           : No active profile set, falling back to 1 default profile: "default"
2025-11-27T11:20:16.474-03:00  INFO 19272 --- [alerta-valores] [           main] .s.d.r.c.RepositoryConfigurationDelegate : Bootstrapping Spring Data MongoDB repositories in DEFAULT mode.
2025-11-27T11:20:16.764-03:00  INFO 19272 --- [alerta-valores] [           main] .s.d.r.c.RepositoryConfigurationDelegate : Finished Spring Data repository scanning in 267 ms. Found 3 MongoDB repository interfaces.
2025-11-27T11:20:17.634-03:00  INFO 19272 --- [alerta-valores] [           main] o.s.b.w.embedded.tomcat.TomcatWebServer  : Tomcat initialized with port 8081 (http)
2025-11-27T11:20:17.659-03:00  INFO 19272 --- [alerta-valores] [           main] o.apache.catalina.core.StandardService   : Starting service [Tomcat]
2025-11-27T11:20:17.659-03:00  INFO 19272 --- [alerta-valores] [           main] o.apache.catalina.core.StandardEngine    : Starting Servlet engine: [Apache Tomcat/10.1.48]
2025-11-27T11:20:17.726-03:00  INFO 19272 --- [alerta-valores] [           main] o.a.c.c.C.[Tomcat].[localhost].[/]       : Initializing Spring embedded WebApplicationContext
2025-11-27T11:20:17.728-03:00  INFO 19272 --- [alerta-valores] [           main] w.s.c.ServletWebServerApplicationContext : Root WebApplicationContext: initialization completed in 3088 ms
2025-11-27T11:20:18.559-03:00  INFO 19272 --- [alerta-valores] [vub.mongodb.net] org.mongodb.driver.cluster               : Adding discovered server ac-nstlnku-shard-00-02.wgfmvub.mongodb.net:27017 to client view of cluster
2025-11-27T11:20:18.563-03:00  INFO 19272 --- [alerta-valores] [           main] org.mongodb.driver.client                : MongoClient with metadata {"driver": {"name": "mongo-java-driver|spring-boot|sync", "version": "5.6.1"}, "os": {"type": "Windows", "name": "Windows 10", "architecture": "amd64", "version": "10.0"}, "platform": "Java/Oracle Corporation/25.0.1+8-LTS-27"} created with settings MongoClientSettings{readPreference=primary, writeConcern=WriteConcern{w=majority, wTimeout=null ms, journal=null}, retryWrites=true, retryReads=true, readConcern=ReadConcern{level=null}, credential=MongoCredential{mechanism=null, userName='joaopedro004_db_user', source='admin', password=<hidden>, mechanismProperties=<hidden>}, transportSettings=null, commandListeners=[io.micrometer.core.instrument.binder.mongodb.MongoMetricsCommandListener@5d14e99e], codecRegistry=ProvidersCodecRegistry{codecProviders=[ValueCodecProvider{}, BsonValueCodecProvider{}, DBRefCodecProvider{}, DBObjectCodecProvider{}, DocumentCodecProvider{}, CollectionCodecProvider{}, IterableCodecProvider{}, MapCodecProvider{}, GeoJsonCodecProvider{}, GridFSFileCodecProvider{}, Jsr310CodecProvider{}, JsonObjectCodecProvider{}, BsonCodecProvider{}, com.mongodb.client.model.mql.ExpressionCodecProvider@38cfecf3, com.mongodb.Jep395RecordCodecProvider@682618e5, com.mongodb.KotlinCodecProvider@25ad25f5, EnumCodecProvider{}]}, loggerSettings=LoggerSettings{maxDocumentLength=1000}, clusterSettings={hosts=[127.0.0.1:27017], srvHost=alertavalores.wgfmvub.mongodb.net, srvServiceName=mongodb, mode=MULTIPLE, requiredClusterType=REPLICA_SET, requiredReplicaSetName='atlas-2qn5we-shard-0', serverSelector='null', clusterListeners='[]', serverSelectionTimeout='30000 ms', localThreshold='15 ms'}, socketSettings=SocketSettings{connectTimeoutMS=10000, readTimeoutMS=0, receiveBufferSize=0, proxySettings=ProxySettings{host=null, port=null, username=null, password=null}}, heartbeatSocketSettings=SocketSettings{connectTimeoutMS=10000, readTimeoutMS=10000, receiveBufferSize=0, proxySettings=ProxySettings{host=null, port=null, username=null, password=null}}, connectionPoolSettings=ConnectionPoolSettings{maxSize=100, minSize=0, maxWaitTimeMS=120000, maxConnectionLifeTimeMS=0, maxConnectionIdleTimeMS=0, maintenanceInitialDelayMS=0, maintenanceFrequencyMS=60000, connectionPoolListeners=[io.micrometer.core.instrument.binder.mongodb.MongoMetricsConnectionPoolListener@5f0f70c7], maxConnecting=2}, serverSettings=ServerSettings{heartbeatFrequencyMS=10000, minHeartbeatFrequencyMS=500, serverMonitoringMode=AUTO, serverListeners='[]', serverMonitorListeners='[]'}, sslSettings=SslSettings{enabled=true, invalidHostNameAllowed=false, context=null}, applicationName='null', compressorList=[], uuidRepresentation=JAVA_LEGACY, serverApi=null, autoEncryptionSettings=null, dnsClient=null, inetAddressResolver=null, contextProvider=null, timeoutMS=null}
2025-11-27T11:20:18.607-03:00  INFO 19272 --- [alerta-valores] [vub.mongodb.net] org.mongodb.driver.cluster               : Adding discovered server ac-nstlnku-shard-00-00.wgfmvub.mongodb.net:27017 to client view of cluster
2025-11-27T11:20:18.609-03:00  INFO 19272 --- [alerta-valores] [vub.mongodb.net] org.mongodb.driver.cluster               : Adding discovered server ac-nstlnku-shard-00-01.wgfmvub.mongodb.net:27017 to client view of cluster
2025-11-27T11:20:19.060-03:00  INFO 19272 --- [alerta-valores] [ngodb.net:27017] org.mongodb.driver.cluster               : Exception in monitor thread while connecting to server ac-nstlnku-shard-00-00.wgfmvub.mongodb.net:27017

com.mongodb.MongoSocketWriteException: Exception sending message
	at com.mongodb.internal.connection.InternalStreamConnection.throwTranslatedWriteException(InternalStreamConnection.java:785) ~[mongodb-driver-core-5.6.1.jar!/:na]
	at com.mongodb.internal.connection.InternalStreamConnection.sendMessage(InternalStreamConnection.java:670) ~[mongodb-driver-core-5.6.1.jar!/:na]
	at com.mongodb.internal.connection.InternalStreamConnection.trySendMessage(InternalStreamConnection.java:507) ~[mongodb-driver-core-5.6.1.jar!/:na]
	at com.mongodb.internal.connection.InternalStreamConnection.sendCommandMessage(InternalStreamConnection.java:482) ~[mongodb-driver-core-5.6.1.jar!/:na]
	at com.mongodb.internal.connection.InternalStreamConnection.sendAndReceiveInternal(InternalStreamConnection.java:440) ~[mongodb-driver-core-5.6.1.jar!/:na]
	at com.mongodb.internal.connection.InternalStreamConnection.lambda$sendAndReceive$0(InternalStreamConnection.java:375) ~[mongodb-driver-core-5.6.1.jar!/:na]
	at com.mongodb.internal.connection.InternalStreamConnection.sendAndReceive(InternalStreamConnection.java:378) ~[mongodb-driver-core-5.6.1.jar!/:na]
	at com.mongodb.internal.connection.CommandHelper.sendAndReceive(CommandHelper.java:98) ~[mongodb-driver-core-5.6.1.jar!/:na]
	at com.mongodb.internal.connection.CommandHelper.executeCommand(CommandHelper.java:47) ~[mongodb-driver-core-5.6.1.jar!/:na]
	at com.mongodb.internal.connection.InternalStreamConnectionInitializer.initializeConnectionDescription(InternalStreamConnectionInitializer.java:144) ~[mongodb-driver-core-5.6.1.jar!/:na]
	at com.mongodb.internal.connection.InternalStreamConnectionInitializer.startHandshake(InternalStreamConnectionInitializer.java:78) ~[mongodb-driver-core-5.6.1.jar!/:na]
	at com.mongodb.internal.connection.InternalStreamConnection.open(InternalStreamConnection.java:235) ~[mongodb-driver-core-5.6.1.jar!/:na]
	at com.mongodb.internal.connection.DefaultServerMonitor$ServerMonitor.setupNewConnectionAndGetInitialDescription(DefaultServerMonitor.java:282) ~[mongodb-driver-core-5.6.1.jar!/:na]
	at com.mongodb.internal.connection.DefaultServerMonitor$ServerMonitor.lookupServerDescription(DefaultServerMonitor.java:253) ~[mongodb-driver-core-5.6.1.jar!/:na]
	at com.mongodb.internal.connection.DefaultServerMonitor$ServerMonitor.run(DefaultServerMonitor.java:203) ~[mongodb-driver-core-5.6.1.jar!/:na]
Caused by: javax.net.ssl.SSLException: (internal_error) Received fatal alert: internal_error
	at java.base/sun.security.ssl.Alert.createSSLException(Alert.java:132) ~[na:na]
	at java.base/sun.security.ssl.Alert.createSSLException(Alert.java:117) ~[na:na]
	at java.base/sun.security.ssl.TransportContext.fatal(TransportContext.java:363) ~[na:na]
	at java.base/sun.security.ssl.Alert$AlertConsumer.consume(Alert.java:287) ~[na:na]
	at java.base/sun.security.ssl.TransportContext.dispatch(TransportContext.java:202) ~[na:na]
	at java.base/sun.security.ssl.SSLTransport.decode(SSLTransport.java:172) ~[na:na]
	at java.base/sun.security.ssl.SSLSocketImpl.decode(SSLSocketImpl.java:1506) ~[na:na]
	at java.base/sun.security.ssl.SSLSocketImpl.readHandshakeRecord(SSLSocketImpl.java:1421) ~[na:na]
	at java.base/sun.security.ssl.SSLSocketImpl.startHandshake(SSLSocketImpl.java:455) ~[na:na]
	at java.base/sun.security.ssl.SSLSocketImpl.ensureNegotiated(SSLSocketImpl.java:924) ~[na:na]
	at java.base/sun.security.ssl.SSLSocketImpl$AppOutputStream.write(SSLSocketImpl.java:1293) ~[na:na]
	at com.mongodb.internal.connection.SocketStream.write(SocketStream.java:165) ~[mongodb-driver-core-5.6.1.jar!/:na]
	at com.mongodb.internal.connection.InternalStreamConnection.sendMessage(InternalStreamConnection.java:667) ~[mongodb-driver-core-5.6.1.jar!/:na]
	... 13 common frames omitted

2025-11-27T11:20:19.060-03:00  INFO 19272 --- [alerta-valores] [ngodb.net:27017] org.mongodb.driver.cluster               : Exception in monitor thread while connecting to server ac-nstlnku-shard-00-01.wgfmvub.mongodb.net:27017

com.mongodb.MongoSocketWriteException: Exception sending message
	at com.mongodb.internal.connection.InternalStreamConnection.throwTranslatedWriteException(InternalStreamConnection.java:785) ~[mongodb-driver-core-5.6.1.jar!/:na]
	at com.mongodb.internal.connection.InternalStreamConnection.sendMessage(InternalStreamConnection.java:670) ~[mongodb-driver-core-5.6.1.jar!/:na]
	at com.mongodb.internal.connection.InternalStreamConnection.trySendMessage(InternalStreamConnection.java:507) ~[mongodb-driver-core-5.6.1.jar!/:na]
	at com.mongodb.internal.connection.InternalStreamConnection.sendCommandMessage(InternalStreamConnection.java:482) ~[mongodb-driver-core-5.6.1.jar!/:na]
	at com.mongodb.internal.connection.InternalStreamConnection.sendAndReceiveInternal(InternalStreamConnection.java:440) ~[mongodb-driver-core-5.6.1.jar!/:na]
	at com.mongodb.internal.connection.InternalStreamConnection.lambda$sendAndReceive$0(InternalStreamConnection.java:375) ~[mongodb-driver-core-5.6.1.jar!/:na]
	at com.mongodb.internal.connection.InternalStreamConnection.sendAndReceive(InternalStreamConnection.java:378) ~[mongodb-driver-core-5.6.1.jar!/:na]
	at com.mongodb.internal.connection.CommandHelper.sendAndReceive(CommandHelper.java:98) ~[mongodb-driver-core-5.6.1.jar!/:na]
	at com.mongodb.internal.connection.CommandHelper.executeCommand(CommandHelper.java:47) ~[mongodb-driver-core-5.6.1.jar!/:na]
	at com.mongodb.internal.connection.InternalStreamConnectionInitializer.initializeConnectionDescription(InternalStreamConnectionInitializer.java:144) ~[mongodb-driver-core-5.6.1.jar!/:na]
	at com.mongodb.internal.connection.InternalStreamConnectionInitializer.startHandshake(InternalStreamConnectionInitializer.java:78) ~[mongodb-driver-core-5.6.1.jar!/:na]
	at com.mongodb.internal.connection.InternalStreamConnection.open(InternalStreamConnection.java:235) ~[mongodb-driver-core-5.6.1.jar!/:na]
	at com.mongodb.internal.connection.DefaultServerMonitor$ServerMonitor.setupNewConnectionAndGetInitialDescription(DefaultServerMonitor.java:282) ~[mongodb-driver-core-5.6.1.jar!/:na]
	at com.mongodb.internal.connection.DefaultServerMonitor$ServerMonitor.lookupServerDescription(DefaultServerMonitor.java:253) ~[mongodb-driver-core-5.6.1.jar!/:na]
	at com.mongodb.internal.connection.DefaultServerMonitor$ServerMonitor.run(DefaultServerMonitor.java:203) ~[mongodb-driver-core-5.6.1.jar!/:na]
Caused by: javax.net.ssl.SSLException: (internal_error) Received fatal alert: internal_error
	at java.base/sun.security.ssl.Alert.createSSLException(Alert.java:132) ~[na:na]
	at java.base/sun.security.ssl.Alert.createSSLException(Alert.java:117) ~[na:na]
	at java.base/sun.security.ssl.TransportContext.fatal(TransportContext.java:363) ~[na:na]
	at java.base/sun.security.ssl.Alert$AlertConsumer.consume(Alert.java:287) ~[na:na]
	at java.base/sun.security.ssl.TransportContext.dispatch(TransportContext.java:202) ~[na:na]
	at java.base/sun.security.ssl.SSLTransport.decode(SSLTransport.java:172) ~[na:na]
	at java.base/sun.security.ssl.SSLSocketImpl.decode(SSLSocketImpl.java:1506) ~[na:na]
	at java.base/sun.security.ssl.SSLSocketImpl.readHandshakeRecord(SSLSocketImpl.java:1421) ~[na:na]
	at java.base/sun.security.ssl.SSLSocketImpl.startHandshake(SSLSocketImpl.java:455) ~[na:na]
	at java.base/sun.security.ssl.SSLSocketImpl.ensureNegotiated(SSLSocketImpl.java:924) ~[na:na]
	at java.base/sun.security.ssl.SSLSocketImpl$AppOutputStream.write(SSLSocketImpl.java:1293) ~[na:na]
	at com.mongodb.internal.connection.SocketStream.write(SocketStream.java:165) ~[mongodb-driver-core-5.6.1.jar!/:na]
	at com.mongodb.internal.connection.InternalStreamConnection.sendMessage(InternalStreamConnection.java:667) ~[mongodb-driver-core-5.6.1.jar!/:na]
	... 13 common frames omitted

2025-11-27T11:20:19.060-03:00  INFO 19272 --- [alerta-valores] [ngodb.net:27017] org.mongodb.driver.cluster               : Exception in monitor thread while connecting to server ac-nstlnku-shard-00-02.wgfmvub.mongodb.net:27017

com.mongodb.MongoSocketWriteException: Exception sending message
	at com.mongodb.internal.connection.InternalStreamConnection.throwTranslatedWriteException(InternalStreamConnection.java:785) ~[mongodb-driver-core-5.6.1.jar!/:na]
	at com.mongodb.internal.connection.InternalStreamConnection.sendMessage(InternalStreamConnection.java:670) ~[mongodb-driver-core-5.6.1.jar!/:na]
	at com.mongodb.internal.connection.InternalStreamConnection.trySendMessage(InternalStreamConnection.java:507) ~[mongodb-driver-core-5.6.1.jar!/:na]
	at com.mongodb.internal.connection.InternalStreamConnection.sendCommandMessage(InternalStreamConnection.java:482) ~[mongodb-driver-core-5.6.1.jar!/:na]
	at com.mongodb.internal.connection.InternalStreamConnection.sendAndReceiveInternal(InternalStreamConnection.java:440) ~[mongodb-driver-core-5.6.1.jar!/:na]
	at com.mongodb.internal.connection.InternalStreamConnection.lambda$sendAndReceive$0(InternalStreamConnection.java:375) ~[mongodb-driver-core-5.6.1.jar!/:na]
	at com.mongodb.internal.connection.InternalStreamConnection.sendAndReceive(InternalStreamConnection.java:378) ~[mongodb-driver-core-5.6.1.jar!/:na]
	at com.mongodb.internal.connection.CommandHelper.sendAndReceive(CommandHelper.java:98) ~[mongodb-driver-core-5.6.1.jar!/:na]
	at com.mongodb.internal.connection.CommandHelper.executeCommand(CommandHelper.java:47) ~[mongodb-driver-core-5.6.1.jar!/:na]
	at com.mongodb.internal.connection.InternalStreamConnectionInitializer.initializeConnectionDescription(InternalStreamConnectionInitializer.java:144) ~[mongodb-driver-core-5.6.1.jar!/:na]
	at com.mongodb.internal.connection.InternalStreamConnectionInitializer.startHandshake(InternalStreamConnectionInitializer.java:78) ~[mongodb-driver-core-5.6.1.jar!/:na]
	at com.mongodb.internal.connection.InternalStreamConnection.open(InternalStreamConnection.java:235) ~[mongodb-driver-core-5.6.1.jar!/:na]
	at com.mongodb.internal.connection.DefaultServerMonitor$ServerMonitor.setupNewConnectionAndGetInitialDescription(DefaultServerMonitor.java:282) ~[mongodb-driver-core-5.6.1.jar!/:na]
	at com.mongodb.internal.connection.DefaultServerMonitor$ServerMonitor.lookupServerDescription(DefaultServerMonitor.java:253) ~[mongodb-driver-core-5.6.1.jar!/:na]
	at com.mongodb.internal.connection.DefaultServerMonitor$ServerMonitor.run(DefaultServerMonitor.java:203) ~[mongodb-driver-core-5.6.1.jar!/:na]
Caused by: javax.net.ssl.SSLException: (internal_error) Received fatal alert: internal_error
	at java.base/sun.security.ssl.Alert.createSSLException(Alert.java:132) ~[na:na]
	at java.base/sun.security.ssl.Alert.createSSLException(Alert.java:117) ~[na:na]
	at java.base/sun.security.ssl.TransportContext.fatal(TransportContext.java:363) ~[na:na]
	at java.base/sun.security.ssl.Alert$AlertConsumer.consume(Alert.java:287) ~[na:na]
	at java.base/sun.security.ssl.TransportContext.dispatch(TransportContext.java:202) ~[na:na]
	at java.base/sun.security.ssl.SSLTransport.decode(SSLTransport.java:172) ~[na:na]
	at java.base/sun.security.ssl.SSLSocketImpl.decode(SSLSocketImpl.java:1506) ~[na:na]
	at java.base/sun.security.ssl.SSLSocketImpl.readHandshakeRecord(SSLSocketImpl.java:1421) ~[na:na]
	at java.base/sun.security.ssl.SSLSocketImpl.startHandshake(SSLSocketImpl.java:455) ~[na:na]
	at java.base/sun.security.ssl.SSLSocketImpl.ensureNegotiated(SSLSocketImpl.java:924) ~[na:na]
	at java.base/sun.security.ssl.SSLSocketImpl$AppOutputStream.write(SSLSocketImpl.java:1293) ~[na:na]
	at com.mongodb.internal.connection.SocketStream.write(SocketStream.java:165) ~[mongodb-driver-core-5.6.1.jar!/:na]
	at com.mongodb.internal.connection.InternalStreamConnection.sendMessage(InternalStreamConnection.java:667) ~[mongodb-driver-core-5.6.1.jar!/:na]
	... 13 common frames omitted

2025-11-27T11:20:19.853-03:00  INFO 19272 --- [alerta-valores] [           main] o.s.b.a.w.s.WelcomePageHandlerMapping    : Adding welcome page: class path resource [static/index.html]
2025-11-27T11:20:21.259-03:00  INFO 19272 --- [alerta-valores] [           main] o.s.b.a.e.web.EndpointLinksResolver      : Exposing 1 endpoint beneath base path '/actuator'
2025-11-27T11:20:21.724-03:00  INFO 19272 --- [alerta-valores] [           main] o.s.b.w.embedded.tomcat.TomcatWebServer  : Tomcat started on port 8081 (http) with context path '/'
2025-11-27T11:20:21.758-03:00  INFO 19272 --- [alerta-valores] [           main] c.a.a.AlertaValoresApplication           : Started AlertaValoresApplication in 8.128 seconds (process running for 8.897)
2025-11-27T11:21:09.431-03:00  INFO 19272 --- [alerta-valores] [nio-8081-exec-1] o.a.c.c.C.[Tomcat].[localhost].[/]       : Initializing Spring DispatcherServlet 'dispatcherServlet'
2025-11-27T11:21:09.432-03:00  INFO 19272 --- [alerta-valores] [nio-8081-exec-1] o.s.web.servlet.DispatcherServlet        : Initializing Servlet 'dispatcherServlet'
2025-11-27T11:21:09.435-03:00  INFO 19272 --- [alerta-valores] [nio-8081-exec-1] o.s.web.servlet.DispatcherServlet        : Completed initialization in 2 ms
2025-11-27T11:21:14.292-03:00  INFO 19272 --- [alerta-valores] [nio-8081-exec-3] c.a.a.controller.WebhookController       : Iniciando verificação de URL via webhook
2025-11-27T11:21:14.302-03:00  INFO 19272 --- [alerta-valores] [nio-8081-exec-3] c.a.a.controller.WebhookController       : URL/mensagem verificada com sucesso: segura=true
2025-11-27T11:21:14.391-03:00  INFO 19272 --- [alerta-valores] [       Thread-1] org.mongodb.driver.cluster               : Waiting for server to become available for operation insert with ID 20. Remaining time: 29989 ms. Selector: WritableServerSelector, topology description: {type=REPLICA_SET, servers=[{address=ac-nstlnku-shard-00-00.wgfmvub.mongodb.net:27017, type=UNKNOWN, state=CONNECTING, exception={com.mongodb.MongoSocketWriteException: Exception sending message}, caused by {javax.net.ssl.SSLException: (internal_error) Received fatal alert: internal_error}}, {address=ac-nstlnku-shard-00-02.wgfmvub.mongodb.net:27017, type=UNKNOWN, state=CONNECTING, exception={com.mongodb.MongoSocketWriteException: Exception sending message}, caused by {javax.net.ssl.SSLException: (internal_error) Received fatal alert: internal_error}}, {address=ac-nstlnku-shard-00-01.wgfmvub.mongodb.net:27017, type=UNKNOWN, state=CONNECTING, exception={com.mongodb.MongoSocketWriteException: Exception sending message}, caused by {javax.net.ssl.SSLException: (internal_error) Received fatal alert: internal_error}}].
2025-11-27T11:21:14.391-03:00  INFO 19272 --- [alerta-valores] [       Thread-2] org.mongodb.driver.cluster               : Waiting for server to become available for operation insert with ID 21. Remaining time: 29989 ms. Selector: WritableServerSelector, topology description: {type=REPLICA_SET, servers=[{address=ac-nstlnku-shard-00-00.wgfmvub.mongodb.net:27017, type=UNKNOWN, state=CONNECTING, exception={com.mongodb.MongoSocketWriteException: Exception sending message}, caused by {javax.net.ssl.SSLException: (internal_error) Received fatal alert: internal_error}}, {address=ac-nstlnku-shard-00-02.wgfmvub.mongodb.net:27017, type=UNKNOWN, state=CONNECTING, exception={com.mongodb.MongoSocketWriteException: Exception sending message}, caused by {javax.net.ssl.SSLException: (internal_error) Received fatal alert: internal_error}}, {address=ac-nstlnku-shard-00-01.wgfmvub.mongodb.net:27017, type=UNKNOWN, state=CONNECTING, exception={com.mongodb.MongoSocketWriteException: Exception sending message}, caused by {javax.net.ssl.SSLException: (internal_error) Received fatal alert: internal_error}}].
2025-11-27T11:21:40.734-03:00  INFO 19272 --- [alerta-valores] [nio-8081-exec-4] c.a.a.controller.WebhookController       : Iniciando verificação de URL via webhook
2025-11-27T11:21:40.795-03:00  INFO 19272 --- [alerta-valores] [nio-8081-exec-4] c.a.a.controller.WebhookController       : URL/mensagem verificada com sucesso: segura=true
2025-11-27T11:21:40.796-03:00  INFO 19272 --- [alerta-valores] [       Thread-3] org.mongodb.driver.cluster               : Waiting for server to become available for operation insert with ID 175. Remaining time: 29999 ms. Selector: WritableServerSelector, topology description: {type=REPLICA_SET, servers=[{address=ac-nstlnku-shard-00-00.wgfmvub.mongodb.net:27017, type=UNKNOWN, state=CONNECTING, exception={com.mongodb.MongoSocketWriteException: Exception sending message}, caused by {javax.net.ssl.SSLException: (internal_error) Received fatal alert: internal_error}}, {address=ac-nstlnku-shard-00-02.wgfmvub.mongodb.net:27017, type=UNKNOWN, state=CONNECTING, exception={com.mongodb.MongoSocketWriteException: Exception sending message}, caused by {javax.net.ssl.SSLException: (internal_error) Received fatal alert: internal_error}}, {address=ac-nstlnku-shard-00-01.wgfmvub.mongodb.net:27017, type=UNKNOWN, state=CONNECTING, exception={com.mongodb.MongoSocketWriteException: Exception sending message}, caused by {javax.net.ssl.SSLException: (internal_error) Received fatal alert: internal_error}}].
2025-11-27T11:21:40.796-03:00  INFO 19272 --- [alerta-valores] [       Thread-4] org.mongodb.driver.cluster               : Waiting for server to become available for operation insert with ID 176. Remaining time: 29999 ms. Selector: WritableServerSelector, topology description: {type=REPLICA_SET, servers=[{address=ac-nstlnku-shard-00-00.wgfmvub.mongodb.net:27017, type=UNKNOWN, state=CONNECTING, exception={com.mongodb.MongoSocketWriteException: Exception sending message}, caused by {javax.net.ssl.SSLException: (internal_error) Received fatal alert: internal_error}}, {address=ac-nstlnku-shard-00-02.wgfmvub.mongodb.net:27017, type=UNKNOWN, state=CONNECTING, exception={com.mongodb.MongoSocketWriteException: Exception sending message}, caused by {javax.net.ssl.SSLException: (internal_error) Received fatal alert: internal_error}}, {address=ac-nstlnku-shard-00-01.wgfmvub.mongodb.net:27017, type=UNKNOWN, state=CONNECTING, exception={com.mongodb.MongoSocketWriteException: Exception sending message}, caused by {javax.net.ssl.SSLException: (internal_error) Received fatal alert: internal_error}}].
2025-11-27T11:21:44.385-03:00  WARN 19272 --- [alerta-valores] [       Thread-2] c.a.a.controller.WebhookController       : Falha ao salvar validação no banco de forma assíncrona (URL null): Timed out while waiting for a server that matches WritableServerSelector. Client view of cluster state is {type=REPLICA_SET, servers=[{address=ac-nstlnku-shard-00-00.wgfmvub.mongodb.net:27017, type=UNKNOWN, state=CONNECTING, exception={com.mongodb.MongoSocketWriteException: Exception sending message}, caused by {javax.net.ssl.SSLException: (internal_error) Received fatal alert: internal_error}}, {address=ac-nstlnku-shard-00-02.wgfmvub.mongodb.net:27017, type=UNKNOWN, state=CONNECTING, exception={com.mongodb.MongoSocketWriteException: Exception sending message}, caused by {javax.net.ssl.SSLException: (internal_error) Received fatal alert: internal_error}}, {address=ac-nstlnku-shard-00-01.wgfmvub.mongodb.net:27017, type=UNKNOWN, state=CONNECTING, exception={com.mongodb.MongoSocketWriteException: Exception sending message}, caused by {javax.net.ssl.SSLException: (internal_error) Received fatal alert: internal_error}}]
2025-11-27T11:21:44.387-03:00  WARN 19272 --- [alerta-valores] [       Thread-1] c.a.a.service.VerificacaoService         : Falha ao salvar ResultadoAnalise de forma assíncrona: Timed out while waiting for a server that matches WritableServerSelector. Client view of cluster state is {type=REPLICA_SET, servers=[{address=ac-nstlnku-shard-00-00.wgfmvub.mongodb.net:27017, type=UNKNOWN, state=CONNECTING, exception={com.mongodb.MongoSocketWriteException: Exception sending message}, caused by {javax.net.ssl.SSLException: (internal_error) Received fatal alert: internal_error}}, {address=ac-nstlnku-shard-00-02.wgfmvub.mongodb.net:27017, type=UNKNOWN, state=CONNECTING, exception={com.mongodb.MongoSocketWriteException: Exception sending message}, caused by {javax.net.ssl.SSLException: (internal_error) Received fatal alert: internal_error}}, {address=ac-nstlnku-shard-00-01.wgfmvub.mongodb.net:27017, type=UNKNOWN, state=CONNECTING, exception={com.mongodb.MongoSocketWriteException: Exception sending message}, caused by {javax.net.ssl.SSLException: (internal_error) Received fatal alert: internal_error}}]
2025-11-27T11:21:46.190-03:00  INFO 19272 --- [alerta-valores] [nio-8081-exec-6] c.a.a.controller.WebhookController       : Iniciando verificação de URL via webhook
2025-11-27T11:21:46.250-03:00  INFO 19272 --- [alerta-valores] [nio-8081-exec-6] c.a.a.controller.WebhookController       : URL/mensagem verificada com sucesso: segura=true
2025-11-27T11:21:46.251-03:00  INFO 19272 --- [alerta-valores] [       Thread-5] org.mongodb.driver.cluster               : Waiting for server to become available for operation insert with ID 209. Remaining time: 29999 ms. Selector: WritableServerSelector, topology description: {type=REPLICA_SET, servers=[{address=ac-nstlnku-shard-00-00.wgfmvub.mongodb.net:27017, type=UNKNOWN, state=CONNECTING, exception={com.mongodb.MongoSocketWriteException: Exception sending message}, caused by {javax.net.ssl.SSLException: (internal_error) Received fatal alert: internal_error}}, {address=ac-nstlnku-shard-00-02.wgfmvub.mongodb.net:27017, type=UNKNOWN, state=CONNECTING, exception={com.mongodb.MongoSocketWriteException: Exception sending message}, caused by {javax.net.ssl.SSLException: (internal_error) Received fatal alert: internal_error}}, {address=ac-nstlnku-shard-00-01.wgfmvub.mongodb.net:27017, type=UNKNOWN, state=CONNECTING, exception={com.mongodb.MongoSocketWriteException: Exception sending message}, caused by {javax.net.ssl.SSLException: (internal_error) Received fatal alert: internal_error}}].
2025-11-27T11:21:46.252-03:00  INFO 19272 --- [alerta-valores] [       Thread-6] org.mongodb.driver.cluster               : Waiting for server to become available for operation insert with ID 210. Remaining time: 29999 ms. Selector: WritableServerSelector, topology description: {type=REPLICA_SET, servers=[{address=ac-nstlnku-shard-00-00.wgfmvub.mongodb.net:27017, type=UNKNOWN, state=CONNECTING, exception={com.mongodb.MongoSocketWriteException: Exception sending message}, caused by {javax.net.ssl.SSLException: (internal_error) Received fatal alert: internal_error}}, {address=ac-nstlnku-shard-00-02.wgfmvub.mongodb.net:27017, type=UNKNOWN, state=CONNECTING, exception={com.mongodb.MongoSocketWriteException: Exception sending message}, caused by {javax.net.ssl.SSLException: (internal_error) Received fatal alert: internal_error}}, {address=ac-nstlnku-shard-00-01.wgfmvub.mongodb.net:27017, type=UNKNOWN, state=CONNECTING, exception={com.mongodb.MongoSocketWriteException: Exception sending message}, caused by {javax.net.ssl.SSLException: (internal_error) Received fatal alert: internal_error}}].
2025-11-27T11:21:50.445-03:00  INFO 19272 --- [alerta-valores] [nio-8081-exec-7] c.a.a.controller.WebhookController       : Iniciando verificação de URL via webhook
2025-11-27T11:21:50.446-03:00  INFO 19272 --- [alerta-valores] [nio-8081-exec-7] c.a.a.controller.WebhookController       : URL/mensagem verificada com sucesso: segura=true
2025-11-27T11:21:50.448-03:00  INFO 19272 --- [alerta-valores] [       Thread-7] org.mongodb.driver.cluster               : Waiting for server to become available for operation insert with ID 235. Remaining time: 29999 ms. Selector: WritableServerSelector, topology description: {type=REPLICA_SET, servers=[{address=ac-nstlnku-shard-00-00.wgfmvub.mongodb.net:27017, type=UNKNOWN, state=CONNECTING, exception={com.mongodb.MongoSocketWriteException: Exception sending message}, caused by {javax.net.ssl.SSLException: (internal_error) Received fatal alert: internal_error}}, {address=ac-nstlnku-shard-00-02.wgfmvub.mongodb.net:27017, type=UNKNOWN, state=CONNECTING, exception={com.mongodb.MongoSocketWriteException: Exception sending message}, caused by {javax.net.ssl.SSLException: (internal_error) Received fatal alert: internal_error}}, {address=ac-nstlnku-shard-00-01.wgfmvub.mongodb.net:27017, type=UNKNOWN, state=CONNECTING, exception={com.mongodb.MongoSocketWriteException: Exception sending message}, caused by {javax.net.ssl.SSLException: (internal_error) Received fatal alert: internal_error}}].
2025-11-27T11:21:50.448-03:00  INFO 19272 --- [alerta-valores] [       Thread-8] org.mongodb.driver.cluster               : Waiting for server to become available for operation insert with ID 236. Remaining time: 29999 ms. Selector: WritableServerSelector, topology description: {type=REPLICA_SET, servers=[{address=ac-nstlnku-shard-00-00.wgfmvub.mongodb.net:27017, type=UNKNOWN, state=CONNECTING, exception={com.mongodb.MongoSocketWriteException: Exception sending message}, caused by {javax.net.ssl.SSLException: (internal_error) Received fatal alert: internal_error}}, {address=ac-nstlnku-shard-00-02.wgfmvub.mongodb.net:27017, type=UNKNOWN, state=CONNECTING, exception={com.mongodb.MongoSocketWriteException: Exception sending message}, caused by {javax.net.ssl.SSLException: (internal_error) Received fatal alert: internal_error}}, {address=ac-nstlnku-shard-00-01.wgfmvub.mongodb.net:27017, type=UNKNOWN, state=CONNECTING, exception={com.mongodb.MongoSocketWriteException: Exception sending message}, caused by {javax.net.ssl.SSLException: (internal_error) Received fatal alert: internal_error}}].
2025-11-27T11:21:56.899-03:00  INFO 19272 --- [alerta-valores] [nio-8081-exec-9] c.a.a.controller.WebhookController       : Iniciando verificação de URL via webhook
2025-11-27T11:21:56.959-03:00  WARN 19272 --- [alerta-valores] [nio-8081-exec-9] c.a.a.controller.WebhookController       : Mensagem/URL suspeita detectada
2025-11-27T11:21:56.960-03:00  INFO 19272 --- [alerta-valores] [       Thread-9] org.mongodb.driver.cluster               : Waiting for server to become available for operation insert with ID 275. Remaining time: 29999 ms. Selector: WritableServerSelector, topology description: {type=REPLICA_SET, servers=[{address=ac-nstlnku-shard-00-00.wgfmvub.mongodb.net:27017, type=UNKNOWN, state=CONNECTING, exception={com.mongodb.MongoSocketWriteException: Exception sending message}, caused by {javax.net.ssl.SSLException: (internal_error) Received fatal alert: internal_error}}, {address=ac-nstlnku-shard-00-02.wgfmvub.mongodb.net:27017, type=UNKNOWN, state=CONNECTING, exception={com.mongodb.MongoSocketWriteException: Exception sending message}, caused by {javax.net.ssl.SSLException: (internal_error) Received fatal alert: internal_error}}, {address=ac-nstlnku-shard-00-01.wgfmvub.mongodb.net:27017, type=UNKNOWN, state=CONNECTING, exception={com.mongodb.MongoSocketWriteException: Exception sending message}, caused by {javax.net.ssl.SSLException: (internal_error) Received fatal alert: internal_error}}].
2025-11-27T11:21:56.961-03:00  INFO 19272 --- [alerta-valores] [      Thread-10] org.mongodb.driver.cluster               : Waiting for server to become available for operation insert with ID 276. Remaining time: 29999 ms. Selector: WritableServerSelector, topology description: {type=REPLICA_SET, servers=[{address=ac-nstlnku-shard-00-00.wgfmvub.mongodb.net:27017, type=UNKNOWN, state=CONNECTING, exception={com.mongodb.MongoSocketWriteException: Exception sending message}, caused by {javax.net.ssl.SSLException: (internal_error) Received fatal alert: internal_error}}, {address=ac-nstlnku-shard-00-02.wgfmvub.mongodb.net:27017, type=UNKNOWN, state=CONNECTING, exception={com.mongodb.MongoSocketWriteException: Exception sending message}, caused by {javax.net.ssl.SSLException: (internal_error) Received fatal alert: internal_error}}, {address=ac-nstlnku-shard-00-01.wgfmvub.mongodb.net:27017, type=UNKNOWN, state=CONNECTING, exception={com.mongodb.MongoSocketWriteException: Exception sending message}, caused by {javax.net.ssl.SSLException: (internal_error) Received fatal alert: internal_error}}].
2025-11-27T11:22:10.797-03:00  WARN 19272 --- [alerta-valores] [       Thread-3] c.a.a.service.VerificacaoService         : Falha ao salvar ResultadoAnalise de forma assíncrona: Timed out while waiting for a server that matches WritableServerSelector. Client view of cluster state is {type=REPLICA_SET, servers=[{address=ac-nstlnku-shard-00-00.wgfmvub.mongodb.net:27017, type=UNKNOWN, state=CONNECTING, exception={com.mongodb.MongoSocketWriteException: Exception sending message}, caused by {javax.net.ssl.SSLException: (internal_error) Received fatal alert: internal_error}}, {address=ac-nstlnku-shard-00-02.wgfmvub.mongodb.net:27017, type=UNKNOWN, state=CONNECTING, exception={com.mongodb.MongoSocketWriteException: Exception sending message}, caused by {javax.net.ssl.SSLException: (internal_error) Received fatal alert: internal_error}}, {address=ac-nstlnku-shard-00-01.wgfmvub.mongodb.net:27017, type=UNKNOWN, state=CONNECTING, exception={com.mongodb.MongoSocketWriteException: Exception sending message}, caused by {javax.net.ssl.SSLException: (internal_error) Received fatal alert: internal_error}}]
2025-11-27T11:22:10.799-03:00  WARN 19272 --- [alerta-valores] [       Thread-4] c.a.a.controller.WebhookController       : Falha ao salvar validação no banco de forma assíncrona (URL null): Timed out while waiting for a server that matches WritableServerSelector. Client view of cluster state is {type=REPLICA_SET, servers=[{address=ac-nstlnku-shard-00-00.wgfmvub.mongodb.net:27017, type=UNKNOWN, state=CONNECTING, exception={com.mongodb.MongoSocketWriteException: Exception sending message}, caused by {javax.net.ssl.SSLException: (internal_error) Received fatal alert: internal_error}}, {address=ac-nstlnku-shard-00-02.wgfmvub.mongodb.net:27017, type=UNKNOWN, state=CONNECTING, exception={com.mongodb.MongoSocketWriteException: Exception sending message}, caused by {javax.net.ssl.SSLException: (internal_error) Received fatal alert: internal_error}}, {address=ac-nstlnku-shard-00-01.wgfmvub.mongodb.net:27017, type=UNKNOWN, state=CONNECTING, exception={com.mongodb.MongoSocketWriteException: Exception sending message}, caused by {javax.net.ssl.SSLException: (internal_error) Received fatal alert: internal_error}}]
2025-11-27T11:22:16.253-03:00  WARN 19272 --- [alerta-valores] [       Thread-5] c.a.a.service.VerificacaoService         : Falha ao salvar ResultadoAnalise de forma assíncrona: Timed out while waiting for a server that matches WritableServerSelector. Client view of cluster state is {type=REPLICA_SET, servers=[{address=ac-nstlnku-shard-00-00.wgfmvub.mongodb.net:27017, type=UNKNOWN, state=CONNECTING, exception={com.mongodb.MongoSocketWriteException: Exception sending message}, caused by {javax.net.ssl.SSLException: (internal_error) Received fatal alert: internal_error}}, {address=ac-nstlnku-shard-00-02.wgfmvub.mongodb.net:27017, type=UNKNOWN, state=CONNECTING, exception={com.mongodb.MongoSocketWriteException: Exception sending message}, caused by {javax.net.ssl.SSLException: (internal_error) Received fatal alert: internal_error}}, {address=ac-nstlnku-shard-00-01.wgfmvub.mongodb.net:27017, type=UNKNOWN, state=CONNECTING, exception={com.mongodb.MongoSocketWriteException: Exception sending message}, caused by {javax.net.ssl.SSLException: (internal_error) Received fatal alert: internal_error}}]
2025-11-27T11:22:16.255-03:00  WARN 19272 --- [alerta-valores] [       Thread-6] c.a.a.controller.WebhookController       : Falha ao salvar validação no banco de forma assíncrona (URL null): Timed out while waiting for a server that matches WritableServerSelector. Client view of cluster state is {type=REPLICA_SET, servers=[{address=ac-nstlnku-shard-00-00.wgfmvub.mongodb.net:27017, type=UNKNOWN, state=CONNECTING, exception={com.mongodb.MongoSocketWriteException: Exception sending message}, caused by {javax.net.ssl.SSLException: (internal_error) Received fatal alert: internal_error}}, {address=ac-nstlnku-shard-00-02.wgfmvub.mongodb.net:27017, type=UNKNOWN, state=CONNECTING, exception={com.mongodb.MongoSocketWriteException: Exception sending message}, caused by {javax.net.ssl.SSLException: (internal_error) Received fatal alert: internal_error}}, {address=ac-nstlnku-shard-00-01.wgfmvub.mongodb.net:27017, type=UNKNOWN, state=CONNECTING, exception={com.mongodb.MongoSocketWriteException: Exception sending message}, caused by {javax.net.ssl.SSLException: (internal_error) Received fatal alert: internal_error}}]
2025-11-27T11:22:20.449-03:00  WARN 19272 --- [alerta-valores] [       Thread-8] c.a.a.controller.WebhookController       : Falha ao salvar validação no banco de forma assíncrona (URL null): Timed out while waiting for a server that matches WritableServerSelector. Client view of cluster state is {type=REPLICA_SET, servers=[{address=ac-nstlnku-shard-00-00.wgfmvub.mongodb.net:27017, type=UNKNOWN, state=CONNECTING, exception={com.mongodb.MongoSocketWriteException: Exception sending message}, caused by {javax.net.ssl.SSLException: (internal_error) Received fatal alert: internal_error}}, {address=ac-nstlnku-shard-00-02.wgfmvub.mongodb.net:27017, type=UNKNOWN, state=CONNECTING, exception={com.mongodb.MongoSocketWriteException: Exception sending message}, caused by {javax.net.ssl.SSLException: (internal_error) Received fatal alert: internal_error}}, {address=ac-nstlnku-shard-00-01.wgfmvub.mongodb.net:27017, type=UNKNOWN, state=CONNECTING, exception={com.mongodb.MongoSocketWriteException: Exception sending message}, caused by {javax.net.ssl.SSLException: (internal_error) Received fatal alert: internal_error}}]
2025-11-27T11:22:20.449-03:00  WARN 19272 --- [alerta-valores] [       Thread-7] c.a.a.service.VerificacaoService         : Falha ao salvar ResultadoAnalise de forma assíncrona: Timed out while waiting for a server that matches WritableServerSelector. Client view of cluster state is {type=REPLICA_SET, servers=[{address=ac-nstlnku-shard-00-00.wgfmvub.mongodb.net:27017, type=UNKNOWN, state=CONNECTING, exception={com.mongodb.MongoSocketWriteException: Exception sending message}, caused by {javax.net.ssl.SSLException: (internal_error) Received fatal alert: internal_error}}, {address=ac-nstlnku-shard-00-02.wgfmvub.mongodb.net:27017, type=UNKNOWN, state=CONNECTING, exception={com.mongodb.MongoSocketWriteException: Exception sending message}, caused by {javax.net.ssl.SSLException: (internal_error) Received fatal alert: internal_error}}, {address=ac-nstlnku-shard-00-01.wgfmvub.mongodb.net:27017, type=UNKNOWN, state=CONNECTING, exception={com.mongodb.MongoSocketWriteException: Exception sending message}, caused by {javax.net.ssl.SSLException: (internal_error) Received fatal alert: internal_error}}]
2025-11-27T11:22:26.961-03:00  WARN 19272 --- [alerta-valores] [       Thread-9] c.a.a.service.VerificacaoService         : Falha ao salvar ResultadoAnalise de forma assíncrona: Timed out while waiting for a server that matches WritableServerSelector. Client view of cluster state is {type=REPLICA_SET, servers=[{address=ac-nstlnku-shard-00-00.wgfmvub.mongodb.net:27017, type=UNKNOWN, state=CONNECTING, exception={com.mongodb.MongoSocketWriteException: Exception sending message}, caused by {javax.net.ssl.SSLException: (internal_error) Received fatal alert: internal_error}}, {address=ac-nstlnku-shard-00-02.wgfmvub.mongodb.net:27017, type=UNKNOWN, state=CONNECTING, exception={com.mongodb.MongoSocketWriteException: Exception sending message}, caused by {javax.net.ssl.SSLException: (internal_error) Received fatal alert: internal_error}}, {address=ac-nstlnku-shard-00-01.wgfmvub.mongodb.net:27017, type=UNKNOWN, state=CONNECTING, exception={com.mongodb.MongoSocketWriteException: Exception sending message}, caused by {javax.net.ssl.SSLException: (internal_error) Received fatal alert: internal_error}}]
2025-11-27T11:22:26.961-03:00  WARN 19272 --- [alerta-valores] [      Thread-10] c.a.a.controller.WebhookController       : Falha ao salvar validação no banco de forma assíncrona (URL null): Timed out while waiting for a server that matches WritableServerSelector. Client view of cluster state is {type=REPLICA_SET, servers=[{address=ac-nstlnku-shard-00-00.wgfmvub.mongodb.net:27017, type=UNKNOWN, state=CONNECTING, exception={com.mongodb.MongoSocketWriteException: Exception sending message}, caused by {javax.net.ssl.SSLException: (internal_error) Received fatal alert: internal_error}}, {address=ac-nstlnku-shard-00-02.wgfmvub.mongodb.net:27017, type=UNKNOWN, state=CONNECTING, exception={com.mongodb.MongoSocketWriteException: Exception sending message}, caused by {javax.net.ssl.SSLException: (internal_error) Received fatal alert: internal_error}}, {address=ac-nstlnku-shard-00-01.wgfmvub.mongodb.net:27017, type=UNKNOWN, state=CONNECTING, exception={com.mongodb.MongoSocketWriteException: Exception sending message}, caused by {javax.net.ssl.SSLException: (internal_error) Received fatal alert: internal_error}}]
2025-11-27T11:22:30.172-03:00  INFO 19272 --- [alerta-valores] [nio-8081-exec-2] c.a.a.controller.WebhookController       : Iniciando verificação de URL via webhook
2025-11-27T11:22:30.185-03:00  INFO 19272 --- [alerta-valores] [nio-8081-exec-2] c.a.a.service.GoogleSafeBrowsingService  : Iniciando verificação da URL: https://valoresareceber.bcb.gov.br
2025-11-27T11:22:30.488-03:00  INFO 19272 --- [alerta-valores] [nio-8081-exec-2] c.a.a.service.GoogleSafeBrowsingService  : Resposta recebida da API: {}
2025-11-27T11:22:30.489-03:00  INFO 19272 --- [alerta-valores] [nio-8081-exec-2] c.a.a.controller.WebhookController       : URL/mensagem verificada com sucesso: segura=true
2025-11-27T11:22:30.490-03:00  INFO 19272 --- [alerta-valores] [      Thread-11] org.mongodb.driver.cluster               : Waiting for server to become available for operation insert with ID 451. Remaining time: 29999 ms. Selector: WritableServerSelector, topology description: {type=REPLICA_SET, servers=[{address=ac-nstlnku-shard-00-00.wgfmvub.mongodb.net:27017, type=UNKNOWN, state=CONNECTING, exception={com.mongodb.MongoSocketWriteException: Exception sending message}, caused by {javax.net.ssl.SSLException: (internal_error) Received fatal alert: internal_error}}, {address=ac-nstlnku-shard-00-02.wgfmvub.mongodb.net:27017, type=UNKNOWN, state=CONNECTING, exception={com.mongodb.MongoSocketWriteException: Exception sending message}, caused by {javax.net.ssl.SSLException: (internal_error) Received fatal alert: internal_error}}, {address=ac-nstlnku-shard-00-01.wgfmvub.mongodb.net:27017, type=UNKNOWN, state=CONNECTING, exception={com.mongodb.MongoSocketWriteException: Exception sending message}, caused by {javax.net.ssl.SSLException: (internal_error) Received fatal alert: internal_error}}].
2025-11-27T11:22:30.490-03:00  INFO 19272 --- [alerta-valores] [      Thread-12] org.mongodb.driver.cluster               : Waiting for server to become available for operation insert with ID 452. Remaining time: 29999 ms. Selector: WritableServerSelector, topology description: {type=REPLICA_SET, servers=[{address=ac-nstlnku-shard-00-00.wgfmvub.mongodb.net:27017, type=UNKNOWN, state=CONNECTING, exception={com.mongodb.MongoSocketWriteException: Exception sending message}, caused by {javax.net.ssl.SSLException: (internal_error) Received fatal alert: internal_error}}, {address=ac-nstlnku-shard-00-02.wgfmvub.mongodb.net:27017, type=UNKNOWN, state=CONNECTING, exception={com.mongodb.MongoSocketWriteException: Exception sending message}, caused by {javax.net.ssl.SSLException: (internal_error) Received fatal alert: internal_error}}, {address=ac-nstlnku-shard-00-01.wgfmvub.mongodb.net:27017, type=UNKNOWN, state=CONNECTING, exception={com.mongodb.MongoSocketWriteException: Exception sending message}, caused by {javax.net.ssl.SSLException: (internal_error) Received fatal alert: internal_error}}].
2025-11-27T11:22:39.618-03:00  INFO 19272 --- [alerta-valores] [nio-8081-exec-8] c.a.a.controller.WebhookController       : Iniciando verificação de URL via webhook
2025-11-27T11:22:39.677-03:00  INFO 19272 --- [alerta-valores] [nio-8081-exec-8] c.a.a.service.GoogleSafeBrowsingService  : Iniciando verificação da URL: https://valoresareceber.bct.gov.br
2025-11-27T11:22:39.813-03:00  INFO 19272 --- [alerta-valores] [nio-8081-exec-8] c.a.a.service.GoogleSafeBrowsingService  : Resposta recebida da API: {}
2025-11-27T11:22:39.819-03:00  INFO 19272 --- [alerta-valores] [nio-8081-exec-8] c.a.a.controller.WebhookController       : URL/mensagem verificada com sucesso: segura=true
2025-11-27T11:22:39.820-03:00  INFO 19272 --- [alerta-valores] [      Thread-13] org.mongodb.driver.cluster               : Waiting for server to become available for operation insert with ID 507. Remaining time: 29999 ms. Selector: WritableServerSelector, topology description: {type=REPLICA_SET, servers=[{address=ac-nstlnku-shard-00-00.wgfmvub.mongodb.net:27017, type=UNKNOWN, state=CONNECTING, exception={com.mongodb.MongoSocketWriteException: Exception sending message}, caused by {javax.net.ssl.SSLException: (internal_error) Received fatal alert: internal_error}}, {address=ac-nstlnku-shard-00-02.wgfmvub.mongodb.net:27017, type=UNKNOWN, state=CONNECTING, exception={com.mongodb.MongoSocketWriteException: Exception sending message}, caused by {javax.net.ssl.SSLException: (internal_error) Received fatal alert: internal_error}}, {address=ac-nstlnku-shard-00-01.wgfmvub.mongodb.net:27017, type=UNKNOWN, state=CONNECTING, exception={com.mongodb.MongoSocketWriteException: Exception sending message}, caused by {javax.net.ssl.SSLException: (internal_error) Received fatal alert: internal_error}}].
2025-11-27T11:22:39.820-03:00  INFO 19272 --- [alerta-valores] [      Thread-14] org.mongodb.driver.cluster               : Waiting for server to become available for operation insert with ID 508. Remaining time: 29999 ms. Selector: WritableServerSelector, topology description: {type=REPLICA_SET, servers=[{address=ac-nstlnku-shard-00-00.wgfmvub.mongodb.net:27017, type=UNKNOWN, state=CONNECTING, exception={com.mongodb.MongoSocketWriteException: Exception sending message}, caused by {javax.net.ssl.SSLException: (internal_error) Received fatal alert: internal_error}}, {address=ac-nstlnku-shard-00-02.wgfmvub.mongodb.net:27017, type=UNKNOWN, state=CONNECTING, exception={com.mongodb.MongoSocketWriteException: Exception sending message}, caused by {javax.net.ssl.SSLException: (internal_error) Received fatal alert: internal_error}}, {address=ac-nstlnku-shard-00-01.wgfmvub.mongodb.net:27017, type=UNKNOWN, state=CONNECTING, exception={com.mongodb.MongoSocketWriteException: Exception sending message}, caused by {javax.net.ssl.SSLException: (internal_error) Received fatal alert: internal_error}}].
2025-11-27T11:22:43.926-03:00  INFO 19272 --- [alerta-valores] [nio-8081-exec-5] c.a.a.controller.WebhookController       : Iniciando verificação de URL via webhook
2025-11-27T11:22:43.985-03:00  INFO 19272 --- [alerta-valores] [nio-8081-exec-5] c.a.a.service.GoogleSafeBrowsingService  : Iniciando verificação da URL: http://valoresareceber.bct.gov.br
2025-11-27T11:22:44.051-03:00  INFO 19272 --- [alerta-valores] [nio-8081-exec-5] c.a.a.service.GoogleSafeBrowsingService  : Resposta recebida da API: {}
2025-11-27T11:22:44.051-03:00  INFO 19272 --- [alerta-valores] [nio-8081-exec-5] c.a.a.controller.WebhookController       : URL/mensagem verificada com sucesso: segura=true
2025-11-27T11:22:44.052-03:00  INFO 19272 --- [alerta-valores] [      Thread-15] org.mongodb.driver.cluster               : Waiting for server to become available for operation insert with ID 536. Remaining time: 29999 ms. Selector: WritableServerSelector, topology description: {type=REPLICA_SET, servers=[{address=ac-nstlnku-shard-00-00.wgfmvub.mongodb.net:27017, type=UNKNOWN, state=CONNECTING, exception={com.mongodb.MongoSocketWriteException: Exception sending message}, caused by {javax.net.ssl.SSLException: (internal_error) Received fatal alert: internal_error}}, {address=ac-nstlnku-shard-00-02.wgfmvub.mongodb.net:27017, type=UNKNOWN, state=CONNECTING, exception={com.mongodb.MongoSocketWriteException: Exception sending message}, caused by {javax.net.ssl.SSLException: (internal_error) Received fatal alert: internal_error}}, {address=ac-nstlnku-shard-00-01.wgfmvub.mongodb.net:27017, type=UNKNOWN, state=CONNECTING, exception={com.mongodb.MongoSocketWriteException: Exception sending message}, caused by {javax.net.ssl.SSLException: (internal_error) Received fatal alert: internal_error}}].
2025-11-27T11:22:44.053-03:00  INFO 19272 --- [alerta-valores] [      Thread-16] org.mongodb.driver.cluster               : Waiting for server to become available for operation insert with ID 537. Remaining time: 29999 ms. Selector: WritableServerSelector, topology description: {type=REPLICA_SET, servers=[{address=ac-nstlnku-shard-00-00.wgfmvub.mongodb.net:27017, type=UNKNOWN, state=CONNECTING, exception={com.mongodb.MongoSocketWriteException: Exception sending message}, caused by {javax.net.ssl.SSLException: (internal_error) Received fatal alert: internal_error}}, {address=ac-nstlnku-shard-00-02.wgfmvub.mongodb.net:27017, type=UNKNOWN, state=CONNECTING, exception={com.mongodb.MongoSocketWriteException: Exception sending message}, caused by {javax.net.ssl.SSLException: (internal_error) Received fatal alert: internal_error}}, {address=ac-nstlnku-shard-00-01.wgfmvub.mongodb.net:27017, type=UNKNOWN, state=CONNECTING, exception={com.mongodb.MongoSocketWriteException: Exception sending message}, caused by {javax.net.ssl.SSLException: (internal_error) Received fatal alert: internal_error}}].
2025-11-27T11:23:00.491-03:00  WARN 19272 --- [alerta-valores] [      Thread-11] c.a.a.service.VerificacaoService         : Falha ao salvar ResultadoAnalise de forma assíncrona: Timed out while waiting for a server that matches WritableServerSelector. Client view of cluster state is {type=REPLICA_SET, servers=[{address=ac-nstlnku-shard-00-00.wgfmvub.mongodb.net:27017, type=UNKNOWN, state=CONNECTING, exception={com.mongodb.MongoSocketWriteException: Exception sending message}, caused by {javax.net.ssl.SSLException: (internal_error) Received fatal alert: internal_error}}, {address=ac-nstlnku-shard-00-02.wgfmvub.mongodb.net:27017, type=UNKNOWN, state=CONNECTING, exception={com.mongodb.MongoSocketWriteException: Exception sending message}, caused by {javax.net.ssl.SSLException: (internal_error) Received fatal alert: internal_error}}, {address=ac-nstlnku-shard-00-01.wgfmvub.mongodb.net:27017, type=UNKNOWN, state=CONNECTING, exception={com.mongodb.MongoSocketWriteException: Exception sending message}, caused by {javax.net.ssl.SSLException: (internal_error) Received fatal alert: internal_error}}]
2025-11-27T11:23:00.492-03:00  WARN 19272 --- [alerta-valores] [      Thread-12] c.a.a.controller.WebhookController       : Falha ao salvar validação no banco de forma assíncrona (URL https://valoresareceber.bcb.gov.br): Timed out while waiting for a server that matches WritableServerSelector. Client view of cluster state is {type=REPLICA_SET, servers=[{address=ac-nstlnku-shard-00-00.wgfmvub.mongodb.net:27017, type=UNKNOWN, state=CONNECTING, exception={com.mongodb.MongoSocketWriteException: Exception sending message}, caused by {javax.net.ssl.SSLException: (internal_error) Received fatal alert: internal_error}}, {address=ac-nstlnku-shard-00-02.wgfmvub.mongodb.net:27017, type=UNKNOWN, state=CONNECTING, exception={com.mongodb.MongoSocketWriteException: Exception sending message}, caused by {javax.net.ssl.SSLException: (internal_error) Received fatal alert: internal_error}}, {address=ac-nstlnku-shard-00-01.wgfmvub.mongodb.net:27017, type=UNKNOWN, state=CONNECTING, exception={com.mongodb.MongoSocketWriteException: Exception sending message}, caused by {javax.net.ssl.SSLException: (internal_error) Received fatal alert: internal_error}}]
2025-11-27T11:23:09.821-03:00  WARN 19272 --- [alerta-valores] [      Thread-13] c.a.a.service.VerificacaoService         : Falha ao salvar ResultadoAnalise de forma assíncrona: Timed out while waiting for a server that matches WritableServerSelector. Client view of cluster state is {type=REPLICA_SET, servers=[{address=ac-nstlnku-shard-00-00.wgfmvub.mongodb.net:27017, type=UNKNOWN, state=CONNECTING, exception={com.mongodb.MongoSocketWriteException: Exception sending message}, caused by {javax.net.ssl.SSLException: (internal_error) Received fatal alert: internal_error}}, {address=ac-nstlnku-shard-00-02.wgfmvub.mongodb.net:27017, type=UNKNOWN, state=CONNECTING, exception={com.mongodb.MongoSocketWriteException: Exception sending message}, caused by {javax.net.ssl.SSLException: (internal_error) Received fatal alert: internal_error}}, {address=ac-nstlnku-shard-00-01.wgfmvub.mongodb.net:27017, type=UNKNOWN, state=CONNECTING, exception={com.mongodb.MongoSocketWriteException: Exception sending message}, caused by {javax.net.ssl.SSLException: (internal_error) Received fatal alert: internal_error}}]
2025-11-27T11:23:09.821-03:00  WARN 19272 --- [alerta-valores] [      Thread-14] c.a.a.controller.WebhookController       : Falha ao salvar validação no banco de forma assíncrona (URL https://valoresareceber.bct.gov.br): Timed out while waiting for a server that matches WritableServerSelector. Client view of cluster state is {type=REPLICA_SET, servers=[{address=ac-nstlnku-shard-00-00.wgfmvub.mongodb.net:27017, type=UNKNOWN, state=CONNECTING, exception={com.mongodb.MongoSocketWriteException: Exception sending message}, caused by {javax.net.ssl.SSLException: (internal_error) Received fatal alert: internal_error}}, {address=ac-nstlnku-shard-00-02.wgfmvub.mongodb.net:27017, type=UNKNOWN, state=CONNECTING, exception={com.mongodb.MongoSocketWriteException: Exception sending message}, caused by {javax.net.ssl.SSLException: (internal_error) Received fatal alert: internal_error}}, {address=ac-nstlnku-shard-00-01.wgfmvub.mongodb.net:27017, type=UNKNOWN, state=CONNECTING, exception={com.mongodb.MongoSocketWriteException: Exception sending message}, caused by {javax.net.ssl.SSLException: (internal_error) Received fatal alert: internal_error}}]
2025-11-27T11:23:14.053-03:00  WARN 19272 --- [alerta-valores] [      Thread-16] c.a.a.controller.WebhookController       : Falha ao salvar validação no banco de forma assíncrona (URL http://valoresareceber.bct.gov.br): Timed out while waiting for a server that matches WritableServerSelector. Client view of cluster state is {type=REPLICA_SET, servers=[{address=ac-nstlnku-shard-00-00.wgfmvub.mongodb.net:27017, type=UNKNOWN, state=CONNECTING, exception={com.mongodb.MongoSocketWriteException: Exception sending message}, caused by {javax.net.ssl.SSLException: (internal_error) Received fatal alert: internal_error}}, {address=ac-nstlnku-shard-00-02.wgfmvub.mongodb.net:27017, type=UNKNOWN, state=CONNECTING, exception={com.mongodb.MongoSocketWriteException: Exception sending message}, caused by {javax.net.ssl.SSLException: (internal_error) Received fatal alert: internal_error}}, {address=ac-nstlnku-shard-00-01.wgfmvub.mongodb.net:27017, type=UNKNOWN, state=CONNECTING, exception={com.mongodb.MongoSocketWriteException: Exception sending message}, caused by {javax.net.ssl.SSLException: (internal_error) Received fatal alert: internal_error}}]
2025-11-27T11:23:14.053-03:00  WARN 19272 --- [alerta-valores] [      Thread-15] c.a.a.service.VerificacaoService         : Falha ao salvar ResultadoAnalise de forma assíncrona: Timed out while waiting for a server that matches WritableServerSelector. Client view of cluster state is {type=REPLICA_SET, servers=[{address=ac-nstlnku-shard-00-00.wgfmvub.mongodb.net:27017, type=UNKNOWN, state=CONNECTING, exception={com.mongodb.MongoSocketWriteException: Exception sending message}, caused by {javax.net.ssl.SSLException: (internal_error) Received fatal alert: internal_error}}, {address=ac-nstlnku-shard-00-02.wgfmvub.mongodb.net:27017, type=UNKNOWN, state=CONNECTING, exception={com.mongodb.MongoSocketWriteException: Exception sending message}, caused by {javax.net.ssl.SSLException: (internal_error) Received fatal alert: internal_error}}, {address=ac-nstlnku-shard-00-01.wgfmvub.mongodb.net:27017, type=UNKNOWN, state=CONNECTING, exception={com.mongodb.MongoSocketWriteException: Exception sending message}, caused by {javax.net.ssl.SSLException: (internal_error) Received fatal alert: internal_error}}]
2025-11-27T11:25:06.848-03:00  INFO 19272 --- [alerta-valores] [nio-8081-exec-3] c.a.a.controller.WebhookController       : Iniciando verificação de URL via webhook
2025-11-27T11:25:06.909-03:00  INFO 19272 --- [alerta-valores] [nio-8081-exec-3] c.a.a.service.GoogleSafeBrowsingService  : Iniciando verificação da URL: 177.223.96.252/taweb/logon.php
2025-11-27T11:25:07.062-03:00  INFO 19272 --- [alerta-valores] [nio-8081-exec-3] c.a.a.service.GoogleSafeBrowsingService  : Resposta recebida da API: {}
2025-11-27T11:25:07.069-03:00  INFO 19272 --- [alerta-valores] [nio-8081-exec-3] c.a.a.controller.WebhookController       : URL/mensagem verificada com sucesso: segura=true
2025-11-27T11:25:07.070-03:00  INFO 19272 --- [alerta-valores] [      Thread-17] org.mongodb.driver.cluster               : Waiting for server to become available for operation insert with ID 745. Remaining time: 29999 ms. Selector: WritableServerSelector, topology description: {type=REPLICA_SET, servers=[{address=ac-nstlnku-shard-00-00.wgfmvub.mongodb.net:27017, type=UNKNOWN, state=CONNECTING, exception={com.mongodb.MongoSocketWriteException: Exception sending message}, caused by {javax.net.ssl.SSLException: (internal_error) Received fatal alert: internal_error}}, {address=ac-nstlnku-shard-00-02.wgfmvub.mongodb.net:27017, type=UNKNOWN, state=CONNECTING, exception={com.mongodb.MongoSocketWriteException: Exception sending message}, caused by {javax.net.ssl.SSLException: (internal_error) Received fatal alert: internal_error}}, {address=ac-nstlnku-shard-00-01.wgfmvub.mongodb.net:27017, type=UNKNOWN, state=CONNECTING, exception={com.mongodb.MongoSocketWriteException: Exception sending message}, caused by {javax.net.ssl.SSLException: (internal_error) Received fatal alert: internal_error}}].
2025-11-27T11:25:07.071-03:00  INFO 19272 --- [alerta-valores] [      Thread-18] org.mongodb.driver.cluster               : Waiting for server to become available for operation insert with ID 746. Remaining time: 29999 ms. Selector: WritableServerSelector, topology description: {type=REPLICA_SET, servers=[{address=ac-nstlnku-shard-00-00.wgfmvub.mongodb.net:27017, type=UNKNOWN, state=CONNECTING, exception={com.mongodb.MongoSocketWriteException: Exception sending message}, caused by {javax.net.ssl.SSLException: (internal_error) Received fatal alert: internal_error}}, {address=ac-nstlnku-shard-00-02.wgfmvub.mongodb.net:27017, type=UNKNOWN, state=CONNECTING, exception={com.mongodb.MongoSocketWriteException: Exception sending message}, caused by {javax.net.ssl.SSLException: (internal_error) Received fatal alert: internal_error}}, {address=ac-nstlnku-shard-00-01.wgfmvub.mongodb.net:27017, type=UNKNOWN, state=CONNECTING, exception={com.mongodb.MongoSocketWriteException: Exception sending message}, caused by {javax.net.ssl.SSLException: (internal_error) Received fatal alert: internal_error}}].
2025-11-27T11:25:14.155-03:00  INFO 19272 --- [alerta-valores] [nio-8081-exec-4] c.a.a.controller.WebhookController       : Iniciando verificação de URL via webhook
2025-11-27T11:25:14.156-03:00  INFO 19272 --- [alerta-valores] [nio-8081-exec-4] c.a.a.service.GoogleSafeBrowsingService  : Iniciando verificação da URL: http://177.223.96.252/taweb/logon.php
2025-11-27T11:25:14.294-03:00  INFO 19272 --- [alerta-valores] [nio-8081-exec-4] c.a.a.service.GoogleSafeBrowsingService  : Resposta recebida da API: {}
2025-11-27T11:25:14.300-03:00  INFO 19272 --- [alerta-valores] [nio-8081-exec-4] c.a.a.controller.WebhookController       : URL/mensagem verificada com sucesso: segura=true
2025-11-27T11:25:14.301-03:00  INFO 19272 --- [alerta-valores] [      Thread-19] org.mongodb.driver.cluster               : Waiting for server to become available for operation insert with ID 789. Remaining time: 29999 ms. Selector: WritableServerSelector, topology description: {type=REPLICA_SET, servers=[{address=ac-nstlnku-shard-00-00.wgfmvub.mongodb.net:27017, type=UNKNOWN, state=CONNECTING, exception={com.mongodb.MongoSocketWriteException: Exception sending message}, caused by {javax.net.ssl.SSLException: (internal_error) Received fatal alert: internal_error}}, {address=ac-nstlnku-shard-00-02.wgfmvub.mongodb.net:27017, type=UNKNOWN, state=CONNECTING, exception={com.mongodb.MongoSocketWriteException: Exception sending message}, caused by {javax.net.ssl.SSLException: (internal_error) Received fatal alert: internal_error}}, {address=ac-nstlnku-shard-00-01.wgfmvub.mongodb.net:27017, type=UNKNOWN, state=CONNECTING, exception={com.mongodb.MongoSocketWriteException: Exception sending message}, caused by {javax.net.ssl.SSLException: (internal_error) Received fatal alert: internal_error}}].
2025-11-27T11:25:14.301-03:00  INFO 19272 --- [alerta-valores] [      Thread-20] org.mongodb.driver.cluster               : Waiting for server to become available for operation insert with ID 790. Remaining time: 29999 ms. Selector: WritableServerSelector, topology description: {type=REPLICA_SET, servers=[{address=ac-nstlnku-shard-00-00.wgfmvub.mongodb.net:27017, type=UNKNOWN, state=CONNECTING, exception={com.mongodb.MongoSocketWriteException: Exception sending message}, caused by {javax.net.ssl.SSLException: (internal_error) Received fatal alert: internal_error}}, {address=ac-nstlnku-shard-00-02.wgfmvub.mongodb.net:27017, type=UNKNOWN, state=CONNECTING, exception={com.mongodb.MongoSocketWriteException: Exception sending message}, caused by {javax.net.ssl.SSLException: (internal_error) Received fatal alert: internal_error}}, {address=ac-nstlnku-shard-00-01.wgfmvub.mongodb.net:27017, type=UNKNOWN, state=CONNECTING, exception={com.mongodb.MongoSocketWriteException: Exception sending message}, caused by {javax.net.ssl.SSLException: (internal_error) Received fatal alert: internal_error}}].
2025-11-27T11:25:37.072-03:00  WARN 19272 --- [alerta-valores] [      Thread-17] c.a.a.service.VerificacaoService         : Falha ao salvar ResultadoAnalise de forma assíncrona: Timed out while waiting for a server that matches WritableServerSelector. Client view of cluster state is {type=REPLICA_SET, servers=[{address=ac-nstlnku-shard-00-00.wgfmvub.mongodb.net:27017, type=UNKNOWN, state=CONNECTING, exception={com.mongodb.MongoSocketWriteException: Exception sending message}, caused by {javax.net.ssl.SSLException: (internal_error) Received fatal alert: internal_error}}, {address=ac-nstlnku-shard-00-02.wgfmvub.mongodb.net:27017, type=UNKNOWN, state=CONNECTING, exception={com.mongodb.MongoSocketWriteException: Exception sending message}, caused by {javax.net.ssl.SSLException: (internal_error) Received fatal alert: internal_error}}, {address=ac-nstlnku-shard-00-01.wgfmvub.mongodb.net:27017, type=UNKNOWN, state=CONNECTING, exception={com.mongodb.MongoSocketWriteException: Exception sending message}, caused by {javax.net.ssl.SSLException: (internal_error) Received fatal alert: internal_error}}]
2025-11-27T11:25:37.072-03:00  WARN 19272 --- [alerta-valores] [      Thread-18] c.a.a.controller.WebhookController       : Falha ao salvar validação no banco de forma assíncrona (URL 177.223.96.252/taweb/logon.php): Timed out while waiting for a server that matches WritableServerSelector. Client view of cluster state is {type=REPLICA_SET, servers=[{address=ac-nstlnku-shard-00-00.wgfmvub.mongodb.net:27017, type=UNKNOWN, state=CONNECTING, exception={com.mongodb.MongoSocketWriteException: Exception sending message}, caused by {javax.net.ssl.SSLException: (internal_error) Received fatal alert: internal_error}}, {address=ac-nstlnku-shard-00-02.wgfmvub.mongodb.net:27017, type=UNKNOWN, state=CONNECTING, exception={com.mongodb.MongoSocketWriteException: Exception sending message}, caused by {javax.net.ssl.SSLException: (internal_error) Received fatal alert: internal_error}}, {address=ac-nstlnku-shard-00-01.wgfmvub.mongodb.net:27017, type=UNKNOWN, state=CONNECTING, exception={com.mongodb.MongoSocketWriteException: Exception sending message}, caused by {javax.net.ssl.SSLException: (internal_error) Received fatal alert: internal_error}}]
2025-11-27T11:25:44.302-03:00  WARN 19272 --- [alerta-valores] [      Thread-19] c.a.a.service.VerificacaoService         : Falha ao salvar ResultadoAnalise de forma assíncrona: Timed out while waiting for a server that matches WritableServerSelector. Client view of cluster state is {type=REPLICA_SET, servers=[{address=ac-nstlnku-shard-00-00.wgfmvub.mongodb.net:27017, type=UNKNOWN, state=CONNECTING, exception={com.mongodb.MongoSocketWriteException: Exception sending message}, caused by {javax.net.ssl.SSLException: (internal_error) Received fatal alert: internal_error}}, {address=ac-nstlnku-shard-00-02.wgfmvub.mongodb.net:27017, type=UNKNOWN, state=CONNECTING, exception={com.mongodb.MongoSocketWriteException: Exception sending message}, caused by {javax.net.ssl.SSLException: (internal_error) Received fatal alert: internal_error}}, {address=ac-nstlnku-shard-00-01.wgfmvub.mongodb.net:27017, type=UNKNOWN, state=CONNECTING, exception={com.mongodb.MongoSocketWriteException: Exception sending message}, caused by {javax.net.ssl.SSLException: (internal_error) Received fatal alert: internal_error}}]
2025-11-27T11:25:44.302-03:00  WARN 19272 --- [alerta-valores] [      Thread-20] c.a.a.controller.WebhookController       : Falha ao salvar validação no banco de forma assíncrona (URL http://177.223.96.252/taweb/logon.php): Timed out while waiting for a server that matches WritableServerSelector. Client view of cluster state is {type=REPLICA_SET, servers=[{address=ac-nstlnku-shard-00-00.wgfmvub.mongodb.net:27017, type=UNKNOWN, state=CONNECTING, exception={com.mongodb.MongoSocketWriteException: Exception sending message}, caused by {javax.net.ssl.SSLException: (internal_error) Received fatal alert: internal_error}}, {address=ac-nstlnku-shard-00-02.wgfmvub.mongodb.net:27017, type=UNKNOWN, state=CONNECTING, exception={com.mongodb.MongoSocketWriteException: Exception sending message}, caused by {javax.net.ssl.SSLException: (internal_error) Received fatal alert: internal_error}}, {address=ac-nstlnku-shard-00-01.wgfmvub.mongodb.net:27017, type=UNKNOWN, state=CONNECTING, exception={com.mongodb.MongoSocketWriteException: Exception sending message}, caused by {javax.net.ssl.SSLException: (internal_error) Received fatal alert: internal_error}}]
2025-11-27T11:26:22.071-03:00  INFO 19272 --- [alerta-valores] [nio-8081-exec-7] c.a.a.controller.WebhookController       : Iniciando verificação de URL via webhook
2025-11-27T11:26:22.078-03:00  INFO 19272 --- [alerta-valores] [nio-8081-exec-7] c.a.a.controller.WebhookController       : URL/mensagem verificada com sucesso: segura=true
2025-11-27T11:26:22.079-03:00  INFO 19272 --- [alerta-valores] [      Thread-21] org.mongodb.driver.cluster               : Waiting for server to become available for operation insert with ID 977. Remaining time: 29999 ms. Selector: WritableServerSelector, topology description: {type=REPLICA_SET, servers=[{address=ac-nstlnku-shard-00-00.wgfmvub.mongodb.net:27017, type=UNKNOWN, state=CONNECTING, exception={com.mongodb.MongoSocketWriteException: Exception sending message}, caused by {javax.net.ssl.SSLException: (internal_error) Received fatal alert: internal_error}}, {address=ac-nstlnku-shard-00-02.wgfmvub.mongodb.net:27017, type=UNKNOWN, state=CONNECTING, exception={com.mongodb.MongoSocketWriteException: Exception sending message}, caused by {javax.net.ssl.SSLException: (internal_error) Received fatal alert: internal_error}}, {address=ac-nstlnku-shard-00-01.wgfmvub.mongodb.net:27017, type=UNKNOWN, state=CONNECTING, exception={com.mongodb.MongoSocketWriteException: Exception sending message}, caused by {javax.net.ssl.SSLException: (internal_error) Received fatal alert: internal_error}}].
2025-11-27T11:26:22.080-03:00  INFO 19272 --- [alerta-valores] [      Thread-22] org.mongodb.driver.cluster               : Waiting for server to become available for operation insert with ID 978. Remaining time: 29999 ms. Selector: WritableServerSelector, topology description: {type=REPLICA_SET, servers=[{address=ac-nstlnku-shard-00-00.wgfmvub.mongodb.net:27017, type=UNKNOWN, state=CONNECTING, exception={com.mongodb.MongoSocketWriteException: Exception sending message}, caused by {javax.net.ssl.SSLException: (internal_error) Received fatal alert: internal_error}}, {address=ac-nstlnku-shard-00-02.wgfmvub.mongodb.net:27017, type=UNKNOWN, state=CONNECTING, exception={com.mongodb.MongoSocketWriteException: Exception sending message}, caused by {javax.net.ssl.SSLException: (internal_error) Received fatal alert: internal_error}}, {address=ac-nstlnku-shard-00-01.wgfmvub.mongodb.net:27017, type=UNKNOWN, state=CONNECTING, exception={com.mongodb.MongoSocketWriteException: Exception sending message}, caused by {javax.net.ssl.SSLException: (internal_error) Received fatal alert: internal_error}}].
2025-11-27T11:26:28.580-03:00  INFO 19272 --- [alerta-valores] [nio-8081-exec-9] c.a.a.controller.WebhookController       : Iniciando verificação de URL via webhook
2025-11-27T11:26:28.587-03:00  INFO 19272 --- [alerta-valores] [nio-8081-exec-9] c.a.a.controller.WebhookController       : URL/mensagem verificada com sucesso: segura=true
2025-11-27T11:26:28.588-03:00  INFO 19272 --- [alerta-valores] [      Thread-23] org.mongodb.driver.cluster               : Waiting for server to become available for operation insert with ID 1018. Remaining time: 29999 ms. Selector: WritableServerSelector, topology description: {type=REPLICA_SET, servers=[{address=ac-nstlnku-shard-00-00.wgfmvub.mongodb.net:27017, type=UNKNOWN, state=CONNECTING, exception={com.mongodb.MongoSocketWriteException: Exception sending message}, caused by {javax.net.ssl.SSLException: (internal_error) Received fatal alert: internal_error}}, {address=ac-nstlnku-shard-00-02.wgfmvub.mongodb.net:27017, type=UNKNOWN, state=CONNECTING, exception={com.mongodb.MongoSocketWriteException: Exception sending message}, caused by {javax.net.ssl.SSLException: (internal_error) Received fatal alert: internal_error}}, {address=ac-nstlnku-shard-00-01.wgfmvub.mongodb.net:27017, type=UNKNOWN, state=CONNECTING, exception={com.mongodb.MongoSocketWriteException: Exception sending message}, caused by {javax.net.ssl.SSLException: (internal_error) Received fatal alert: internal_error}}].
2025-11-27T11:26:28.589-03:00  INFO 19272 --- [alerta-valores] [      Thread-24] org.mongodb.driver.cluster               : Waiting for server to become available for operation insert with ID 1019. Remaining time: 29999 ms. Selector: WritableServerSelector, topology description: {type=REPLICA_SET, servers=[{address=ac-nstlnku-shard-00-00.wgfmvub.mongodb.net:27017, type=UNKNOWN, state=CONNECTING, exception={com.mongodb.MongoSocketWriteException: Exception sending message}, caused by {javax.net.ssl.SSLException: (internal_error) Received fatal alert: internal_error}}, {address=ac-nstlnku-shard-00-02.wgfmvub.mongodb.net:27017, type=UNKNOWN, state=CONNECTING, exception={com.mongodb.MongoSocketWriteException: Exception sending message}, caused by {javax.net.ssl.SSLException: (internal_error) Received fatal alert: internal_error}}, {address=ac-nstlnku-shard-00-01.wgfmvub.mongodb.net:27017, type=UNKNOWN, state=CONNECTING, exception={com.mongodb.MongoSocketWriteException: Exception sending message}, caused by {javax.net.ssl.SSLException: (internal_error) Received fatal alert: internal_error}}].
2025-11-27T11:26:47.965-03:00  INFO 19272 --- [alerta-valores] [nio-8081-exec-5] c.a.a.controller.WebhookController       : Iniciando verificação de URL via webhook
2025-11-27T11:26:47.972-03:00  INFO 19272 --- [alerta-valores] [nio-8081-exec-5] c.a.a.service.GoogleSafeBrowsingService  : Iniciando verificação da URL: https://www.google.com
2025-11-27T11:26:48.125-03:00  INFO 19272 --- [alerta-valores] [nio-8081-exec-5] c.a.a.service.GoogleSafeBrowsingService  : Resposta recebida da API: {}
2025-11-27T11:26:48.125-03:00  INFO 19272 --- [alerta-valores] [nio-8081-exec-5] c.a.a.controller.WebhookController       : URL/mensagem verificada com sucesso: segura=true
2025-11-27T11:26:48.126-03:00  INFO 19272 --- [alerta-valores] [      Thread-25] org.mongodb.driver.cluster               : Waiting for server to become available for operation insert with ID 1134. Remaining time: 29999 ms. Selector: WritableServerSelector, topology description: {type=REPLICA_SET, servers=[{address=ac-nstlnku-shard-00-00.wgfmvub.mongodb.net:27017, type=UNKNOWN, state=CONNECTING, exception={com.mongodb.MongoSocketWriteException: Exception sending message}, caused by {javax.net.ssl.SSLException: (internal_error) Received fatal alert: internal_error}}, {address=ac-nstlnku-shard-00-02.wgfmvub.mongodb.net:27017, type=UNKNOWN, state=CONNECTING, exception={com.mongodb.MongoSocketWriteException: Exception sending message}, caused by {javax.net.ssl.SSLException: (internal_error) Received fatal alert: internal_error}}, {address=ac-nstlnku-shard-00-01.wgfmvub.mongodb.net:27017, type=UNKNOWN, state=CONNECTING, exception={com.mongodb.MongoSocketWriteException: Exception sending message}, caused by {javax.net.ssl.SSLException: (internal_error) Received fatal alert: internal_error}}].
2025-11-27T11:26:48.126-03:00  INFO 19272 --- [alerta-valores] [      Thread-26] org.mongodb.driver.cluster               : Waiting for server to become available for operation insert with ID 1135. Remaining time: 29999 ms. Selector: WritableServerSelector, topology description: {type=REPLICA_SET, servers=[{address=ac-nstlnku-shard-00-00.wgfmvub.mongodb.net:27017, type=UNKNOWN, state=CONNECTING, exception={com.mongodb.MongoSocketWriteException: Exception sending message}, caused by {javax.net.ssl.SSLException: (internal_error) Received fatal alert: internal_error}}, {address=ac-nstlnku-shard-00-02.wgfmvub.mongodb.net:27017, type=UNKNOWN, state=CONNECTING, exception={com.mongodb.MongoSocketWriteException: Exception sending message}, caused by {javax.net.ssl.SSLException: (internal_error) Received fatal alert: internal_error}}, {address=ac-nstlnku-shard-00-01.wgfmvub.mongodb.net:27017, type=UNKNOWN, state=CONNECTING, exception={com.mongodb.MongoSocketWriteException: Exception sending message}, caused by {javax.net.ssl.SSLException: (internal_error) Received fatal alert: internal_error}}].
2025-11-27T11:26:52.080-03:00  WARN 19272 --- [alerta-valores] [      Thread-21] c.a.a.service.VerificacaoService         : Falha ao salvar ResultadoAnalise de forma assíncrona: Timed out while waiting for a server that matches WritableServerSelector. Client view of cluster state is {type=REPLICA_SET, servers=[{address=ac-nstlnku-shard-00-00.wgfmvub.mongodb.net:27017, type=UNKNOWN, state=CONNECTING, exception={com.mongodb.MongoSocketWriteException: Exception sending message}, caused by {javax.net.ssl.SSLException: (internal_error) Received fatal alert: internal_error}}, {address=ac-nstlnku-shard-00-02.wgfmvub.mongodb.net:27017, type=UNKNOWN, state=CONNECTING, exception={com.mongodb.MongoSocketWriteException: Exception sending message}, caused by {javax.net.ssl.SSLException: (internal_error) Received fatal alert: internal_error}}, {address=ac-nstlnku-shard-00-01.wgfmvub.mongodb.net:27017, type=UNKNOWN, state=CONNECTING, exception={com.mongodb.MongoSocketWriteException: Exception sending message}, caused by {javax.net.ssl.SSLException: (internal_error) Received fatal alert: internal_error}}]
2025-11-27T11:26:52.080-03:00  WARN 19272 --- [alerta-valores] [      Thread-22] c.a.a.controller.WebhookController       : Falha ao salvar validação no banco de forma assíncrona (URL null): Timed out while waiting for a server that matches WritableServerSelector. Client view of cluster state is {type=REPLICA_SET, servers=[{address=ac-nstlnku-shard-00-00.wgfmvub.mongodb.net:27017, type=UNKNOWN, state=CONNECTING, exception={com.mongodb.MongoSocketWriteException: Exception sending message}, caused by {javax.net.ssl.SSLException: (internal_error) Received fatal alert: internal_error}}, {address=ac-nstlnku-shard-00-02.wgfmvub.mongodb.net:27017, type=UNKNOWN, state=CONNECTING, exception={com.mongodb.MongoSocketWriteException: Exception sending message}, caused by {javax.net.ssl.SSLException: (internal_error) Received fatal alert: internal_error}}, {address=ac-nstlnku-shard-00-01.wgfmvub.mongodb.net:27017, type=UNKNOWN, state=CONNECTING, exception={com.mongodb.MongoSocketWriteException: Exception sending message}, caused by {javax.net.ssl.SSLException: (internal_error) Received fatal alert: internal_error}}]
2025-11-27T11:26:58.589-03:00  WARN 19272 --- [alerta-valores] [      Thread-23] c.a.a.service.VerificacaoService         : Falha ao salvar ResultadoAnalise de forma assíncrona: Timed out while waiting for a server that matches WritableServerSelector. Client view of cluster state is {type=REPLICA_SET, servers=[{address=ac-nstlnku-shard-00-00.wgfmvub.mongodb.net:27017, type=UNKNOWN, state=CONNECTING, exception={com.mongodb.MongoSocketWriteException: Exception sending message}, caused by {javax.net.ssl.SSLException: (internal_error) Received fatal alert: internal_error}}, {address=ac-nstlnku-shard-00-02.wgfmvub.mongodb.net:27017, type=UNKNOWN, state=CONNECTING, exception={com.mongodb.MongoSocketWriteException: Exception sending message}, caused by {javax.net.ssl.SSLException: (internal_error) Received fatal alert: internal_error}}, {address=ac-nstlnku-shard-00-01.wgfmvub.mongodb.net:27017, type=UNKNOWN, state=CONNECTING, exception={com.mongodb.MongoSocketWriteException: Exception sending message}, caused by {javax.net.ssl.SSLException: (internal_error) Received fatal alert: internal_error}}]
2025-11-27T11:26:58.590-03:00  WARN 19272 --- [alerta-valores] [      Thread-24] c.a.a.controller.WebhookController       : Falha ao salvar validação no banco de forma assíncrona (URL null): Timed out while waiting for a server that matches WritableServerSelector. Client view of cluster state is {type=REPLICA_SET, servers=[{address=ac-nstlnku-shard-00-00.wgfmvub.mongodb.net:27017, type=UNKNOWN, state=CONNECTING, exception={com.mongodb.MongoSocketWriteException: Exception sending message}, caused by {javax.net.ssl.SSLException: (internal_error) Received fatal alert: internal_error}}, {address=ac-nstlnku-shard-00-02.wgfmvub.mongodb.net:27017, type=UNKNOWN, state=CONNECTING, exception={com.mongodb.MongoSocketWriteException: Exception sending message}, caused by {javax.net.ssl.SSLException: (internal_error) Received fatal alert: internal_error}}, {address=ac-nstlnku-shard-00-01.wgfmvub.mongodb.net:27017, type=UNKNOWN, state=CONNECTING, exception={com.mongodb.MongoSocketWriteException: Exception sending message}, caused by {javax.net.ssl.SSLException: (internal_error) Received fatal alert: internal_error}}]
2025-11-27T11:26:59.828-03:00  INFO 19272 --- [alerta-valores] [nio-8081-exec-1] c.a.a.controller.WebhookController       : Iniciando verificação de URL via webhook
2025-11-27T11:26:59.886-03:00  INFO 19272 --- [alerta-valores] [nio-8081-exec-1] c.a.a.service.GoogleSafeBrowsingService  : Iniciando verificação da URL: https://www.google.com
2025-11-27T11:27:00.028-03:00  INFO 19272 --- [alerta-valores] [nio-8081-exec-1] c.a.a.service.GoogleSafeBrowsingService  : Resposta recebida da API: {}
2025-11-27T11:27:00.034-03:00  INFO 19272 --- [alerta-valores] [nio-8081-exec-1] c.a.a.controller.WebhookController       : URL/mensagem verificada com sucesso: segura=true
2025-11-27T11:27:00.035-03:00  INFO 19272 --- [alerta-valores] [      Thread-27] org.mongodb.driver.cluster               : Waiting for server to become available for operation insert with ID 1202. Remaining time: 29999 ms. Selector: WritableServerSelector, topology description: {type=REPLICA_SET, servers=[{address=ac-nstlnku-shard-00-00.wgfmvub.mongodb.net:27017, type=UNKNOWN, state=CONNECTING, exception={com.mongodb.MongoSocketWriteException: Exception sending message}, caused by {javax.net.ssl.SSLException: (internal_error) Received fatal alert: internal_error}}, {address=ac-nstlnku-shard-00-02.wgfmvub.mongodb.net:27017, type=UNKNOWN, state=CONNECTING, exception={com.mongodb.MongoSocketWriteException: Exception sending message}, caused by {javax.net.ssl.SSLException: (internal_error) Received fatal alert: internal_error}}, {address=ac-nstlnku-shard-00-01.wgfmvub.mongodb.net:27017, type=UNKNOWN, state=CONNECTING, exception={com.mongodb.MongoSocketWriteException: Exception sending message}, caused by {javax.net.ssl.SSLException: (internal_error) Received fatal alert: internal_error}}].
2025-11-27T11:27:00.035-03:00  INFO 19272 --- [alerta-valores] [      Thread-28] org.mongodb.driver.cluster               : Waiting for server to become available for operation insert with ID 1203. Remaining time: 29999 ms. Selector: WritableServerSelector, topology description: {type=REPLICA_SET, servers=[{address=ac-nstlnku-shard-00-00.wgfmvub.mongodb.net:27017, type=UNKNOWN, state=CONNECTING, exception={com.mongodb.MongoSocketWriteException: Exception sending message}, caused by {javax.net.ssl.SSLException: (internal_error) Received fatal alert: internal_error}}, {address=ac-nstlnku-shard-00-02.wgfmvub.mongodb.net:27017, type=UNKNOWN, state=CONNECTING, exception={com.mongodb.MongoSocketWriteException: Exception sending message}, caused by {javax.net.ssl.SSLException: (internal_error) Received fatal alert: internal_error}}, {address=ac-nstlnku-shard-00-01.wgfmvub.mongodb.net:27017, type=UNKNOWN, state=CONNECTING, exception={com.mongodb.MongoSocketWriteException: Exception sending message}, caused by {javax.net.ssl.SSLException: (internal_error) Received fatal alert: internal_error}}].
2025-11-27T11:27:04.687-03:00  INFO 19272 --- [alerta-valores] [nio-8081-exec-3] c.a.a.controller.WebhookController       : Iniciando verificação de URL via webhook
2025-11-27T11:27:04.693-03:00  INFO 19272 --- [alerta-valores] [nio-8081-exec-3] c.a.a.service.GoogleSafeBrowsingService  : Iniciando verificação da URL: https://www.google.com
2025-11-27T11:27:04.752-03:00  INFO 19272 --- [alerta-valores] [nio-8081-exec-3] c.a.a.service.GoogleSafeBrowsingService  : Resposta recebida da API: {}
2025-11-27T11:27:04.753-03:00  WARN 19272 --- [alerta-valores] [nio-8081-exec-3] c.a.a.controller.WebhookController       : Mensagem/URL suspeita detectada
2025-11-27T11:27:04.754-03:00  INFO 19272 --- [alerta-valores] [      Thread-29] org.mongodb.driver.cluster               : Waiting for server to become available for operation insert with ID 1233. Remaining time: 29999 ms. Selector: WritableServerSelector, topology description: {type=REPLICA_SET, servers=[{address=ac-nstlnku-shard-00-00.wgfmvub.mongodb.net:27017, type=UNKNOWN, state=CONNECTING, exception={com.mongodb.MongoSocketWriteException: Exception sending message}, caused by {javax.net.ssl.SSLException: (internal_error) Received fatal alert: internal_error}}, {address=ac-nstlnku-shard-00-02.wgfmvub.mongodb.net:27017, type=UNKNOWN, state=CONNECTING, exception={com.mongodb.MongoSocketWriteException: Exception sending message}, caused by {javax.net.ssl.SSLException: (internal_error) Received fatal alert: internal_error}}, {address=ac-nstlnku-shard-00-01.wgfmvub.mongodb.net:27017, type=UNKNOWN, state=CONNECTING, exception={com.mongodb.MongoSocketWriteException: Exception sending message}, caused by {javax.net.ssl.SSLException: (internal_error) Received fatal alert: internal_error}}].
2025-11-27T11:27:04.754-03:00  INFO 19272 --- [alerta-valores] [      Thread-30] org.mongodb.driver.cluster               : Waiting for server to become available for operation insert with ID 1234. Remaining time: 29999 ms. Selector: WritableServerSelector, topology description: {type=REPLICA_SET, servers=[{address=ac-nstlnku-shard-00-00.wgfmvub.mongodb.net:27017, type=UNKNOWN, state=CONNECTING, exception={com.mongodb.MongoSocketWriteException: Exception sending message}, caused by {javax.net.ssl.SSLException: (internal_error) Received fatal alert: internal_error}}, {address=ac-nstlnku-shard-00-02.wgfmvub.mongodb.net:27017, type=UNKNOWN, state=CONNECTING, exception={com.mongodb.MongoSocketWriteException: Exception sending message}, caused by {javax.net.ssl.SSLException: (internal_error) Received fatal alert: internal_error}}, {address=ac-nstlnku-shard-00-01.wgfmvub.mongodb.net:27017, type=UNKNOWN, state=CONNECTING, exception={com.mongodb.MongoSocketWriteException: Exception sending message}, caused by {javax.net.ssl.SSLException: (internal_error) Received fatal alert: internal_error}}].
2025-11-27T11:27:16.176-03:00  INFO 19272 --- [alerta-valores] [nio-8081-exec-4] c.a.a.controller.WebhookController       : Iniciando verificação de URL via webhook
2025-11-27T11:27:16.182-03:00  INFO 19272 --- [alerta-valores] [nio-8081-exec-4] c.a.a.service.GoogleSafeBrowsingService  : Iniciando verificação da URL: http://www.google.com
2025-11-27T11:27:16.325-03:00  INFO 19272 --- [alerta-valores] [nio-8081-exec-4] c.a.a.service.GoogleSafeBrowsingService  : Resposta recebida da API: {}
2025-11-27T11:27:16.326-03:00  WARN 19272 --- [alerta-valores] [nio-8081-exec-4] c.a.a.controller.WebhookController       : Mensagem/URL suspeita detectada
2025-11-27T11:27:16.327-03:00  INFO 19272 --- [alerta-valores] [      Thread-31] org.mongodb.driver.cluster               : Waiting for server to become available for operation insert with ID 1302. Remaining time: 29999 ms. Selector: WritableServerSelector, topology description: {type=REPLICA_SET, servers=[{address=ac-nstlnku-shard-00-00.wgfmvub.mongodb.net:27017, type=UNKNOWN, state=CONNECTING, exception={com.mongodb.MongoSocketWriteException: Exception sending message}, caused by {javax.net.ssl.SSLException: (internal_error) Received fatal alert: internal_error}}, {address=ac-nstlnku-shard-00-02.wgfmvub.mongodb.net:27017, type=UNKNOWN, state=CONNECTING, exception={com.mongodb.MongoSocketWriteException: Exception sending message}, caused by {javax.net.ssl.SSLException: (internal_error) Received fatal alert: internal_error}}, {address=ac-nstlnku-shard-00-01.wgfmvub.mongodb.net:27017, type=UNKNOWN, state=CONNECTING, exception={com.mongodb.MongoSocketWriteException: Exception sending message}, caused by {javax.net.ssl.SSLException: (internal_error) Received fatal alert: internal_error}}].
2025-11-27T11:27:16.327-03:00  INFO 19272 --- [alerta-valores] [      Thread-32] org.mongodb.driver.cluster               : Waiting for server to become available for operation insert with ID 1303. Remaining time: 29999 ms. Selector: WritableServerSelector, topology description: {type=REPLICA_SET, servers=[{address=ac-nstlnku-shard-00-00.wgfmvub.mongodb.net:27017, type=UNKNOWN, state=CONNECTING, exception={com.mongodb.MongoSocketWriteException: Exception sending message}, caused by {javax.net.ssl.SSLException: (internal_error) Received fatal alert: internal_error}}, {address=ac-nstlnku-shard-00-02.wgfmvub.mongodb.net:27017, type=UNKNOWN, state=CONNECTING, exception={com.mongodb.MongoSocketWriteException: Exception sending message}, caused by {javax.net.ssl.SSLException: (internal_error) Received fatal alert: internal_error}}, {address=ac-nstlnku-shard-00-01.wgfmvub.mongodb.net:27017, type=UNKNOWN, state=CONNECTING, exception={com.mongodb.MongoSocketWriteException: Exception sending message}, caused by {javax.net.ssl.SSLException: (internal_error) Received fatal alert: internal_error}}].
2025-11-27T11:27:18.127-03:00  WARN 19272 --- [alerta-valores] [      Thread-26] c.a.a.controller.WebhookController       : Falha ao salvar validação no banco de forma assíncrona (URL https://www.google.com): Timed out while waiting for a server that matches WritableServerSelector. Client view of cluster state is {type=REPLICA_SET, servers=[{address=ac-nstlnku-shard-00-00.wgfmvub.mongodb.net:27017, type=UNKNOWN, state=CONNECTING, exception={com.mongodb.MongoSocketWriteException: Exception sending message}, caused by {javax.net.ssl.SSLException: (internal_error) Received fatal alert: internal_error}}, {address=ac-nstlnku-shard-00-02.wgfmvub.mongodb.net:27017, type=UNKNOWN, state=CONNECTING, exception={com.mongodb.MongoSocketWriteException: Exception sending message}, caused by {javax.net.ssl.SSLException: (internal_error) Received fatal alert: internal_error}}, {address=ac-nstlnku-shard-00-01.wgfmvub.mongodb.net:27017, type=UNKNOWN, state=CONNECTING, exception={com.mongodb.MongoSocketWriteException: Exception sending message}, caused by {javax.net.ssl.SSLException: (internal_error) Received fatal alert: internal_error}}]
2025-11-27T11:27:18.127-03:00  WARN 19272 --- [alerta-valores] [      Thread-25] c.a.a.service.VerificacaoService         : Falha ao salvar ResultadoAnalise de forma assíncrona: Timed out while waiting for a server that matches WritableServerSelector. Client view of cluster state is {type=REPLICA_SET, servers=[{address=ac-nstlnku-shard-00-00.wgfmvub.mongodb.net:27017, type=UNKNOWN, state=CONNECTING, exception={com.mongodb.MongoSocketWriteException: Exception sending message}, caused by {javax.net.ssl.SSLException: (internal_error) Received fatal alert: internal_error}}, {address=ac-nstlnku-shard-00-02.wgfmvub.mongodb.net:27017, type=UNKNOWN, state=CONNECTING, exception={com.mongodb.MongoSocketWriteException: Exception sending message}, caused by {javax.net.ssl.SSLException: (internal_error) Received fatal alert: internal_error}}, {address=ac-nstlnku-shard-00-01.wgfmvub.mongodb.net:27017, type=UNKNOWN, state=CONNECTING, exception={com.mongodb.MongoSocketWriteException: Exception sending message}, caused by {javax.net.ssl.SSLException: (internal_error) Received fatal alert: internal_error}}]
2025-11-27T11:27:30.036-03:00  WARN 19272 --- [alerta-valores] [      Thread-28] c.a.a.controller.WebhookController       : Falha ao salvar validação no banco de forma assíncrona (URL https://www.google.com): Timed out while waiting for a server that matches WritableServerSelector. Client view of cluster state is {type=REPLICA_SET, servers=[{address=ac-nstlnku-shard-00-00.wgfmvub.mongodb.net:27017, type=UNKNOWN, state=CONNECTING, exception={com.mongodb.MongoSocketWriteException: Exception sending message}, caused by {javax.net.ssl.SSLException: (internal_error) Received fatal alert: internal_error}}, {address=ac-nstlnku-shard-00-02.wgfmvub.mongodb.net:27017, type=UNKNOWN, state=CONNECTING, exception={com.mongodb.MongoSocketWriteException: Exception sending message}, caused by {javax.net.ssl.SSLException: (internal_error) Received fatal alert: internal_error}}, {address=ac-nstlnku-shard-00-01.wgfmvub.mongodb.net:27017, type=UNKNOWN, state=CONNECTING, exception={com.mongodb.MongoSocketWriteException: Exception sending message}, caused by {javax.net.ssl.SSLException: (internal_error) Received fatal alert: internal_error}}]
2025-11-27T11:27:30.036-03:00  WARN 19272 --- [alerta-valores] [      Thread-27] c.a.a.service.VerificacaoService         : Falha ao salvar ResultadoAnalise de forma assíncrona: Timed out while waiting for a server that matches WritableServerSelector. Client view of cluster state is {type=REPLICA_SET, servers=[{address=ac-nstlnku-shard-00-00.wgfmvub.mongodb.net:27017, type=UNKNOWN, state=CONNECTING, exception={com.mongodb.MongoSocketWriteException: Exception sending message}, caused by {javax.net.ssl.SSLException: (internal_error) Received fatal alert: internal_error}}, {address=ac-nstlnku-shard-00-02.wgfmvub.mongodb.net:27017, type=UNKNOWN, state=CONNECTING, exception={com.mongodb.MongoSocketWriteException: Exception sending message}, caused by {javax.net.ssl.SSLException: (internal_error) Received fatal alert: internal_error}}, {address=ac-nstlnku-shard-00-01.wgfmvub.mongodb.net:27017, type=UNKNOWN, state=CONNECTING, exception={com.mongodb.MongoSocketWriteException: Exception sending message}, caused by {javax.net.ssl.SSLException: (internal_error) Received fatal alert: internal_error}}]
2025-11-27T11:27:34.755-03:00  WARN 19272 --- [alerta-valores] [      Thread-30] c.a.a.controller.WebhookController       : Falha ao salvar validação no banco de forma assíncrona (URL https://www.google.com): Timed out while waiting for a server that matches WritableServerSelector. Client view of cluster state is {type=REPLICA_SET, servers=[{address=ac-nstlnku-shard-00-00.wgfmvub.mongodb.net:27017, type=UNKNOWN, state=CONNECTING, exception={com.mongodb.MongoSocketWriteException: Exception sending message}, caused by {javax.net.ssl.SSLException: (internal_error) Received fatal alert: internal_error}}, {address=ac-nstlnku-shard-00-02.wgfmvub.mongodb.net:27017, type=UNKNOWN, state=CONNECTING, exception={com.mongodb.MongoSocketWriteException: Exception sending message}, caused by {javax.net.ssl.SSLException: (internal_error) Received fatal alert: internal_error}}, {address=ac-nstlnku-shard-00-01.wgfmvub.mongodb.net:27017, type=UNKNOWN, state=CONNECTING, exception={com.mongodb.MongoSocketWriteException: Exception sending message}, caused by {javax.net.ssl.SSLException: (internal_error) Received fatal alert: internal_error}}]
2025-11-27T11:27:34.755-03:00  WARN 19272 --- [alerta-valores] [      Thread-29] c.a.a.service.VerificacaoService         : Falha ao salvar ResultadoAnalise de forma assíncrona: Timed out while waiting for a server that matches WritableServerSelector. Client view of cluster state is {type=REPLICA_SET, servers=[{address=ac-nstlnku-shard-00-00.wgfmvub.mongodb.net:27017, type=UNKNOWN, state=CONNECTING, exception={com.mongodb.MongoSocketWriteException: Exception sending message}, caused by {javax.net.ssl.SSLException: (internal_error) Received fatal alert: internal_error}}, {address=ac-nstlnku-shard-00-02.wgfmvub.mongodb.net:27017, type=UNKNOWN, state=CONNECTING, exception={com.mongodb.MongoSocketWriteException: Exception sending message}, caused by {javax.net.ssl.SSLException: (internal_error) Received fatal alert: internal_error}}, {address=ac-nstlnku-shard-00-01.wgfmvub.mongodb.net:27017, type=UNKNOWN, state=CONNECTING, exception={com.mongodb.MongoSocketWriteException: Exception sending message}, caused by {javax.net.ssl.SSLException: (internal_error) Received fatal alert: internal_error}}]
